# Г‘ВЃГ‘вЂљГђВ°Г‘в‚¬Г‘вЂљ ГђВїГ‘в‚¬ГђВѕГђВіГђВѕГђВЅГђВ°, ГђВІГ‘ВЃГђВµГђВіГђВѕ Г‘ВЃГђВєГђВёГђВЅГђВѕГђВІ: 285
1/285  "MP9 | Black Sand (Factory New)"  skipped  - already exists, skip_existing_item,skip_known_ids=on
2/285  "SSG 08 | Ghost Crusader (Factory New)"  skipped  - already exists, skip_existing_item,skip_known_ids=on
3/285  "UMP-45 | Primal Saber (Field-Tested)"  skipped  - already exists, skip_existing_item,skip_known_ids=on
4/285  "XM1014 | Entombed (Minimal Wear)"  skipped  - already exists, skip_existing_item,skip_known_ids=on
5/285  "AK-47 | Midnight Laminate (Field-Tested)"  skipped  - already exists, skip_existing_item,skip_known_ids=on
6/285  "XM1014 | Entombed (Field-Tested)"  skipped  - already exists, skip_existing_item,skip_known_ids=on
7/285  "AWP | Duality (Field-Tested)"  skipped  - already exists, skip_existing_item,skip_known_ids=on
8/285  "P2000 | Imperial Dragon (Field-Tested)"  skipped  - already exists, skip_existing_item,skip_known_ids=on
9/285  "UMP-45 | Momentum (Field-Tested)"  skipped  - already exists, skip_existing_item,skip_known_ids=on
10/285  "AWP | Hyper Beast (Battle-Scarred)"  skipped  - already exists, skip_existing_item,skip_known_ids=on
11/285  "Five-SeveN | Monkey Business (Field-Tested)"  skipped  - already exists, skip_existing_item,skip_known_ids=on
12/285  "USP-S | Royal Guard (Minimal Wear)"  skipped  - already exists, skip_existing_item,skip_known_ids=on
13/285  "G3SG1 | Stinger (Field-Tested)"  skipped  - already exists, skip_existing_item,skip_known_ids=on
14/285  "CZ75-Auto | Red Astor (Factory New)"  skipped  - already exists, skip_existing_item,skip_known_ids=on
15/285  "M4A4 | Neo-Noir (Field-Tested)"  skipped  - already exists, skip_existing_item,skip_known_ids=on
16/285  "P250 | Asiimov (Field-Tested)"  skipped  - already exists, skip_existing_item,skip_known_ids=on
17/285  "UMP-45 | Full Stop (Factory New)"  skipped  - already exists, skip_existing_item,skip_known_ids=on
18/285  "Glock-18 | Mirror Mosaic (Battle-Scarred)"  skipped  - already exists, skip_existing_item,skip_known_ids=on
19/285  "AK-47 | Nouveau Rouge (Well-Worn)"  skipped  - already exists, skip_existing_item,skip_known_ids=on
20/285  "P250 | Visions (Field-Tested)"  skipped  - already exists, skip_existing_item,skip_known_ids=on
21/285  "P250 | Mint Kimono (Factory New)"  skipped  - already exists, skip_existing_item,skip_known_ids=on
22/285  "Desert Eagle | Urban DDPAT (Minimal Wear)"  skipped  - already exists, skip_existing_item,skip_known_ids=on
23/285  "Nova | Yorkshire (Factory New)"  skipped  - already exists, skip_existing_item,skip_known_ids=on
24/285  "Sawed-Off | Devourer (Field-Tested)"  skipped  - already exists, skip_existing_item,skip_known_ids=on
25/285  "AK-47 | Asiimov (Field-Tested)"  skipped  - already exists, skip_existing_item,skip_known_ids=on
26/285  "CZ75-Auto | Slalom (Factory New)"  skipped  - already exists, skip_existing_item,skip_known_ids=on
27/285  "AUG | Syd Mead (Minimal Wear)"  skipped  - already exists, skip_existing_item,skip_known_ids=on
28/285  "AK-47 | Emerald Pinstripe (Minimal Wear)"  skipped  - already exists, skip_existing_item,skip_known_ids=on
29/285  "AWP | Mortis (Minimal Wear)"  skipped  - already exists, skip_existing_item,skip_known_ids=on
30/285  "AK-47 | Baroque Purple (Minimal Wear)"  skipped  - already exists, skip_existing_item,skip_known_ids=on
31/285  "M4A1-S | Leaded Glass (Field-Tested)"  skipped  - already exists, skip_existing_item,skip_known_ids=on
32/285  "UMP-45 | Wild Child (Battle-Scarred)"  skipped  - already exists, skip_existing_item,skip_known_ids=on
33/285  "MP9 | Starlight Protector (Field-Tested)"  skipped  - already exists, skip_existing_item,skip_known_ids=on
34/285  "P250 | Vino Primo (Minimal Wear)"  skipped  - already exists, skip_existing_item,skip_known_ids=on
35/285  "Desert Eagle | Mulberry (Minimal Wear)"  skipped  - already exists, skip_existing_item,skip_known_ids=on
36/285  "Desert Eagle | Ocean Drive (Field-Tested)"  skipped  - already exists, skip_existing_item,skip_known_ids=on
37/285  "M4A1-S | Control Panel (Field-Tested)"  skipped  - already exists, skip_existing_item,skip_known_ids=on
38/285  "M249 | Jungle (Field-Tested)"  skipped  - already exists, skip_existing_item,skip_known_ids=on
39/285  "Five-SeveN | Fowl Play (Field-Tested)"  skipped  - already exists, skip_existing_item,skip_known_ids=on
40/285  "M4A1-S | Glitched Paint (Minimal Wear)"  skipped  - already exists, skip_existing_item,skip_known_ids=on
41/285  "MP9 | Hydra (Minimal Wear)"  skipped  - already exists, skip_existing_item,skip_known_ids=on
42/285  "USP-S | Cortex (Minimal Wear)"  skipped  - already exists, skip_existing_item,skip_known_ids=on
43/285  "AK-47 | Legion of Anubis (Field-Tested)"  skipped  - already exists, skip_existing_item,skip_known_ids=on
44/285  "M4A1-S | Vaporwave (Battle-Scarred)"  skipped  - already exists, skip_existing_item,skip_known_ids=on
45/285  "MP7 | Forest DDPAT (Factory New)"  skipped  - already exists, skip_existing_item,skip_known_ids=on
46/285  "M4A1-S | Leaded Glass (Minimal Wear)"  skipped  - already exists, skip_existing_item,skip_known_ids=on
47/285  "AK-47 | Breakthrough (Minimal Wear)"  skipped  - already exists, skip_existing_item,skip_known_ids=on
48/285  "AWP | Chrome Cannon (Field-Tested)"  skipped  - already exists, skip_existing_item,skip_known_ids=on
49/285  "M4A1-S | Black Lotus (Field-Tested)"  skipped  - already exists, skip_existing_item,skip_known_ids=on
50/285  "MP7 | Bloodsport (Minimal Wear)"  skipped  - already exists, skip_existing_item,skip_known_ids=on
51/285  "M4A4 | Tooth Fairy (Minimal Wear)"  skipped  - already exists, skip_existing_item,skip_known_ids=on
52/285  "AWP | Exoskeleton (Battle-Scarred)"  skipped  - already exists, skip_existing_item,skip_known_ids=on
53/285  "Desert Eagle | Heat Treated (Minimal Wear)"  skipped  - already exists, skip_existing_item,skip_known_ids=on
54/285  "AK-47 | Searing Rage (Well-Worn)"  skipped  - already exists, skip_existing_item,skip_known_ids=on
55/285  "AK-47 | Safety Net (Field-Tested)"  skipped  - already exists, skip_existing_item,skip_known_ids=on
56/285  "AK-47 | Head Shot (Battle-Scarred)"  skipped  - already exists, skip_existing_item,skip_known_ids=on
57/285  "Glock-18 | Shinobu (Battle-Scarred)"  skipped  - already exists, skip_existing_item,skip_known_ids=on
58/285  "P2000 | Wicked Sick (Battle-Scarred)"  skipped  - already exists, skip_existing_item,skip_known_ids=on
59/285  "MP5-SD | Phosphor (Field-Tested)"  skipped  - already exists, skip_existing_item,skip_known_ids=on
60/285  "AWP | Ice Coaled (Well-Worn)"  skipped  - already exists, skip_existing_item,skip_known_ids=on
61/285  "Glock-18 | Water Elemental (Field-Tested)"  skipped  - already exists, skip_existing_item,skip_known_ids=on
62/285  "FAMAS | Yeti Camo (Factory New)"  skipped  - already exists, skip_existing_item,skip_known_ids=on
63/285  "P250 | Cartel (Field-Tested)"  skipped  - already exists, skip_existing_item,skip_known_ids=on
64/285  "AK-47 | Aquamarine Revenge (Battle-Scarred)"  skipped  - already exists, skip_existing_item,skip_known_ids=on
65/285  "R8 Revolver | Fade (Field-Tested)"  skipped  - already exists, skip_existing_item,skip_known_ids=on
66/285  "AK-47 | Emerald Pinstripe (Field-Tested)"  skipped  - already exists, skip_existing_item,skip_known_ids=on
67/285  "G3SG1 | Dream Glade (Factory New)"  skipped  - already exists, skip_existing_item,skip_known_ids=on
68/285  "Glock-18 | Vogue (Field-Tested)"  skipped  - already exists, skip_existing_item,skip_known_ids=on
69/285  "Tec-9 | Fuel Injector (Battle-Scarred)"  skipped  - already exists, skip_existing_item,skip_known_ids=on
70/285  "AK-47 | Midnight Laminate (Minimal Wear)"  skipped  - already exists, skip_existing_item,skip_known_ids=on
71/285  "AK-47 | Slate (Field-Tested)"  skipped  - already exists, skip_existing_item,skip_known_ids=on
72/285  "USP-S | Printstream (Field-Tested)"  skipped  - already exists, skip_existing_item,skip_known_ids=on
73/285  "Desert Eagle | Crimson Web (Field-Tested)"  skipped  - already exists, skip_existing_item,skip_known_ids=on
74/285  "USP-S | Cyrex (Minimal Wear)"  skipped  - already exists, skip_existing_item,skip_known_ids=on
75/285  "Galil AR | Chromatic Aberration (Field-Tested)"  skipped  - already exists, skip_existing_item,skip_known_ids=on
76/285  "AK-47 | Crossfade (Minimal Wear)"  skipped  - already exists, skip_existing_item,skip_known_ids=on
77/285  "AWP | Printstream (Well-Worn)"  skipped  - already exists, skip_existing_item,skip_known_ids=on
78/285  "M4A4 | Tooth Fairy (Field-Tested)"  skipped  - already exists, skip_existing_item,skip_known_ids=on
79/285  "Five-SeveN | Monkey Business (Minimal Wear)"  skipped  - already exists, skip_existing_item,skip_known_ids=on
80/285  "Glock-18 | AXIA (Field-Tested)"  skipped  - already exists, skip_existing_item,skip_known_ids=on
81/285  "MAC-10 | Fade (Factory New)"  skipped  - already exists, skip_existing_item,skip_known_ids=on
82/285  "MP9 | Airlock (Field-Tested)"  skipped  - already exists, skip_existing_item,skip_known_ids=on
83/285  "USP-S | Jawbreaker (Battle-Scarred)"  skipped  - already exists, skip_existing_item,skip_known_ids=on
84/285  "Desert Eagle | Printstream (Field-Tested)"  skipped  - already exists, skip_existing_item,skip_known_ids=on
85/285  "AK-47 | Legion of Anubis (Minimal Wear)"  skipped  - already exists, skip_existing_item,skip_known_ids=on
86/285  "Desert Eagle | Conspiracy (Minimal Wear)"  skipped  - already exists, skip_existing_item,skip_known_ids=on
87/285  "CZ75-Auto | Army Sheen (Minimal Wear)"  skipped  - already exists, skip_existing_item,skip_known_ids=on
88/285  "USP-S | Jawbreaker (Field-Tested)"  skipped  - already exists, skip_existing_item,skip_known_ids=on
89/285  "AWP | Ice Coaled (Battle-Scarred)"  skipped  - already exists, skip_existing_item,skip_known_ids=on
90/285  "AK-47 | Ice Coaled (Battle-Scarred)"  skipped  - already exists, skip_existing_item,skip_known_ids=on
91/285  "AWP | Duality (Battle-Scarred)"  skipped  - already exists, skip_existing_item,skip_known_ids=on
92/285  "AK-47 | Redline (Field-Tested)"  skipped  - already exists, skip_existing_item,skip_known_ids=on
93/285  "FAMAS | Mecha Industries (Minimal Wear)"  skipped  - already exists, skip_existing_item,skip_known_ids=on
94/285  "AWP | Chrome Cannon (Battle-Scarred)"  skipped  - already exists, skip_existing_item,skip_known_ids=on
95/285  "MP9 | Starlight Protector (Battle-Scarred)"  skipped  - already exists, skip_existing_item,skip_known_ids=on
96/285  "Glock-18 | Gold Toof (Minimal Wear)"  skipped  - already exists, skip_existing_item,skip_known_ids=on
97/285  "AK-47 | Slate (Battle-Scarred)"  skipped  - already exists, skip_existing_item,skip_known_ids=on
98/285  "AK-47 | Rat Rod (Field-Tested)"  skipped  - already exists, skip_existing_item,skip_known_ids=on
99/285  "M4A1-S | Electrum (Minimal Wear)"  skipped  - already exists, skip_existing_item,skip_known_ids=on
100/285  "Galil AR | Rainbow Spoon (Factory New)"  skipped  - already exists, skip_existing_item,skip_known_ids=on
101/285  "MAC-10 | Stalker (Minimal Wear)"  skipped  - already exists, skip_existing_item,skip_known_ids=on
102/285  "M4A4 | Hellish (Battle-Scarred)"  skipped  - already exists, skip_existing_item,skip_known_ids=on
103/285  "Galil AR | Amber Fade (Factory New)"  skipped  - already exists, skip_existing_item,skip_known_ids=on
104/285  "Desert Eagle | Mecha Industries (Minimal Wear)"  skipped  - already exists, skip_existing_item,skip_known_ids=on
105/285  "Galil AR | Eco (Field-Tested)"  skipped  - already exists, skip_existing_item,skip_known_ids=on
106/285  "Five-SeveN | Heat Treated (Field-Tested)"  skipped  - already exists, skip_existing_item,skip_known_ids=on
107/285  "M4A1-S | Flashback (Minimal Wear)"  skipped  - already exists, skip_existing_item,skip_known_ids=on
108/285  "AK-47 | Ice Coaled (Field-Tested)"  skipped  - already exists, skip_existing_item,skip_known_ids=on
109/285  "Glock-18 | Block-18 (Factory New)"  skipped  - already exists, skip_existing_item,skip_known_ids=on
110/285  "AK-47 | Phantom Disruptor (Field-Tested)"  skipped  - already exists, skip_existing_item,skip_known_ids=on
111/285  "AK-47 | Ice Coaled (Minimal Wear)"  skipped  - already exists, skip_existing_item,skip_known_ids=on
112/285  "Glock-18 | Shinobu (Minimal Wear)"  skipped  - already exists, skip_existing_item,skip_known_ids=on
113/285  "Glock-18 | Vogue (Minimal Wear)"  skipped  - already exists, skip_existing_item,skip_known_ids=on
114/285  "AK-47 | Point Disarray (Field-Tested)"  skipped  - already exists, skip_existing_item,skip_known_ids=on
115/285  "FAMAS | Bad Trip (Field-Tested)"  skipped  - already exists, skip_existing_item,skip_known_ids=on
116/285  "M4A1-S | Decimator (Field-Tested)"  skipped  - already exists, skip_existing_item,skip_known_ids=on
117/285  "Sawed-Off | Kissв™ҐLove (Battle-Scarred)"  skipped  - already exists, skip_existing_item,skip_known_ids=on
118/285  "M4A1-S | Black Lotus (Factory New)"  skipped  - already exists, skip_existing_item,skip_known_ids=on
119/285  "FAMAS | Bad Trip (Well-Worn)"  skipped  - already exists, skip_existing_item,skip_known_ids=on
120/285  "AWP | Black Nile (Minimal Wear)"  skipped  - already exists, skip_existing_item,skip_known_ids=on
121/285  "USP-S | Black Lotus (Minimal Wear)"  skipped  - already exists, skip_existing_item,skip_known_ids=on
122/285  "Five-SeveN | Heat Treated (Minimal Wear)"  skipped  - already exists, skip_existing_item,skip_known_ids=on
123/285  "XM1014 | Incinegator (Field-Tested)"  skipped  - already exists, skip_existing_item,skip_known_ids=on
124/285  "UMP-45 | Crimson Foil (Factory New)"  skipped  - already exists, skip_existing_item,skip_known_ids=on
125/285  "M4A1-S | Decimator (Minimal Wear)"  skipped  - already exists, skip_existing_item,skip_known_ids=on
126/285  "M4A1-S | Flashback (Well-Worn)"  skipped  - already exists, skip_existing_item,skip_known_ids=on
127/285  "M4A1-S | Basilisk (Minimal Wear)"  skipped  - already exists, skip_existing_item,skip_known_ids=on
128/285  "AWP | Neo-Noir (Field-Tested)"  skipped  - already exists, skip_existing_item,skip_known_ids=on
129/285  "USP-S | Blueprint (Field-Tested)"  skipped  - already exists, skip_existing_item,skip_known_ids=on
130/285  "AK-47 | Aquamarine Revenge (Field-Tested)"  skipped  - already exists, skip_existing_item,skip_known_ids=on
131/285  "M4A1-S | Player Two (Battle-Scarred)"  skipped  - already exists, skip_existing_item,skip_known_ids=on
132/285  "M4A4 | Polysoup (Field-Tested)"  skipped  - already exists, skip_existing_item,skip_known_ids=on
133/285  "XM1014 | XOXO (Well-Worn)"  skipped  - already exists, skip_existing_item,skip_known_ids=on
134/285  "M4A1-S | Golden Coil (Field-Tested)"  skipped  - already exists, skip_existing_item,skip_known_ids=on
135/285  "Desert Eagle | Kumicho Dragon (Battle-Scarred)"  skipped  - already exists, skip_existing_item,skip_known_ids=on
136/285  "Desert Eagle | Printstream (Battle-Scarred)"  skipped  - already exists, skip_existing_item,skip_known_ids=on
137/285  "XM1014 | Entombed (Factory New)"  skipped  - already exists, skip_existing_item,skip_known_ids=on
138/285  "USP-S | Printstream (Minimal Wear)"  skipped  - already exists, skip_existing_item,skip_known_ids=on
139/285  "Desert Eagle | Conspiracy (Field-Tested)"  skipped  - already exists, skip_existing_item,skip_known_ids=on
140/285  "AWP | Green Energy (Battle-Scarred)"  skipped  - already exists, skip_existing_item,skip_known_ids=on
141/285  "AK-47 | Wasteland Rebel (Field-Tested)"  skipped  - already exists, skip_existing_item,skip_known_ids=on
142/285  "AK-47 | Breakthrough (Field-Tested)"  skipped  - already exists, skip_existing_item,skip_known_ids=on
143/285  "AWP | POP AWP (Field-Tested)"  skipped  - already exists, skip_existing_item,skip_known_ids=on
144/285  "MP9 | Food Chain (Field-Tested)"  skipped  - already exists, skip_existing_item,skip_known_ids=on
145/285  "SG 553 | Integrale (Battle-Scarred)"  skipped  - already exists, skip_existing_item,skip_known_ids=on
146/285  "AWP | Atheris (Well-Worn)"  skipped  - already exists, skip_existing_item,skip_known_ids=on
147/285  "M4A1-S | Flashback (Field-Tested)"  skipped  - already exists, skip_existing_item,skip_known_ids=on
148/285  "AUG | Stymphalian (Minimal Wear)"  skipped  - already exists, skip_existing_item,skip_known_ids=on
149/285  "AK-47 | Phantom Disruptor (Factory New)"  skipped  - already exists, skip_existing_item,skip_known_ids=on
150/285  "AK-47 | Midnight Laminate (Battle-Scarred)"  skipped  - already exists, skip_existing_item,skip_known_ids=on
151/285  "AWP | Redline (Minimal Wear)"  skipped  - already exists, skip_existing_item,skip_known_ids=on
152/285  "Five-SeveN | Heat Treated (Well-Worn)"  skipped  - already exists, skip_existing_item,skip_known_ids=on
153/285  "SG 553 | Dragon Tech (Factory New)"  skipped  - already exists, skip_existing_item,skip_known_ids=on
154/285  "USP-S | Kill Confirmed (Field-Tested)"  skipped  - already exists, skip_existing_item,skip_known_ids=on
155/285  "AUG | Death by Puppy (Field-Tested)"  skipped  - already exists, skip_existing_item,skip_known_ids=on
156/285  "Desert Eagle | Conspiracy (Factory New)"  skipped  - already exists, skip_existing_item,skip_known_ids=on
157/285  "FAMAS | Styx (Field-Tested)"  skipped  - already exists, skip_existing_item,skip_known_ids=on
158/285  "XM1014 | XOXO (Minimal Wear)"  skipped  - already exists, skip_existing_item,skip_known_ids=on
159/285  "AK-47 | Aphrodite (Minimal Wear)"  skipped  - already exists, skip_existing_item,skip_known_ids=on
160/285  "Sawed-Off | Wasteland Princess (Field-Tested)"  skipped  - already exists, skip_existing_item,skip_known_ids=on
161/285  "Galil AR | Rainbow Spoon (Field-Tested)"  skipped  - already exists, skip_existing_item,skip_known_ids=on
162/285  "AK-47 | Point Disarray (Minimal Wear)"  skipped  - already exists, skip_existing_item,skip_known_ids=on
163/285  "P250 | Epicenter (Field-Tested)"  skipped  - already exists, skip_existing_item,skip_known_ids=on
164/285  "USP-S | Black Lotus (Factory New)"  skipped  - already exists, skip_existing_item,skip_known_ids=on
165/285  "USP-S | Guardian (Minimal Wear)"  skipped  - already exists, skip_existing_item,skip_known_ids=on
166/285  "Desert Eagle | Code Red (Field-Tested)"  skipped  - already exists, skip_existing_item,skip_known_ids=on
167/285  "Tec-9 | Fuel Injector (Well-Worn)"  skipped  - already exists, skip_existing_item,skip_known_ids=on
168/285  "AUG | Random Access (Factory New)"  skipped  - already exists, skip_existing_item,skip_known_ids=on
169/285  "MP9 | Mount Fuji (Field-Tested)"  skipped  - already exists, skip_existing_item,skip_known_ids=on
170/285  "AK-47 | Neon Rider (Field-Tested)"  skipped  - already exists, skip_existing_item,skip_known_ids=on
171/285  "M4A1-S | Decimator (Battle-Scarred)"  skipped  - already exists, skip_existing_item,skip_known_ids=on
172/285  "MP9 | Arctic Tri-Tone (Factory New)"  skipped  - already exists, skip_existing_item,skip_known_ids=on
173/285  "UMP-45 | Crimson Foil (Field-Tested)"  skipped  - already exists, skip_existing_item,skip_known_ids=on
174/285  "Five-SeveN | Boost Protocol (Field-Tested)"  skipped  - already exists, skip_existing_item,skip_known_ids=on
175/285  "Dual Berettas | Royal Consorts (Minimal Wear)"  skipped  - already exists, skip_existing_item,skip_known_ids=on
176/285  "Glock-18 | Water Elemental (Minimal Wear)"  skipped  - already exists, skip_existing_item,skip_known_ids=on
177/285  "Tec-9 | Bamboo Forest (Minimal Wear)"  skipped  - already exists, skip_existing_item,skip_known_ids=on
178/285  "AWP | Green Energy (Minimal Wear)"  skipped  - already exists, skip_existing_item,skip_known_ids=on
179/285  "AWP | Hyper Beast (Well-Worn)"  skipped  - already exists, skip_existing_item,skip_known_ids=on
180/285  "AK-47 | Wintergreen (Minimal Wear)"  skipped  - already exists, skip_existing_item,skip_known_ids=on
181/285  "MP7 | Bloodsport (Factory New)"  skipped  - already exists, skip_existing_item,skip_known_ids=on
182/285  "MP9 | Food Chain (Well-Worn)"  skipped  - already exists, skip_existing_item,skip_known_ids=on
183/285  "UMP-45 | Neo-Noir (Well-Worn)"  skipped  - already exists, skip_existing_item,skip_known_ids=on
184/285  "M4A4 | Full Throttle (Battle-Scarred)"  skipped  - already exists, skip_existing_item,skip_known_ids=on
185/285  "M4A1-S | Atomic Alloy (Field-Tested)"  skipped  - already exists, skip_existing_item,skip_known_ids=on
186/285  "Desert Eagle | Mecha Industries (Well-Worn)"  skipped  - already exists, skip_existing_item,skip_known_ids=on
187/285  "P90 | Trigon (Minimal Wear)"  skipped  - already exists, skip_existing_item,skip_known_ids=on
188/285  "AK-47 | Phantom Disruptor (Minimal Wear)"  skipped  - already exists, skip_existing_item,skip_known_ids=on
189/285  "P250 | Asiimov (Well-Worn)"  skipped  - already exists, skip_existing_item,skip_known_ids=on
190/285  "USP-S | Whiteout (Field-Tested)"  skipped  - already exists, skip_existing_item,skip_known_ids=on
191/285  "SSG 08 | Turbo Peek (Field-Tested)"  skipped  - already exists, skip_existing_item,skip_known_ids=on
192/285  "Galil AR | Tornado (Field-Tested)"  skipped  - already exists, skip_existing_item,skip_known_ids=on
193/285  "AK-47 | Point Disarray (Battle-Scarred)"  skipped  - already exists, skip_existing_item,skip_known_ids=on
194/285  "M4A1-S | Black Lotus (Minimal Wear)"  skipped  - already exists, skip_existing_item,skip_known_ids=on
195/285  "AK-47 | Legion of Anubis (Battle-Scarred)"  skipped  - already exists, skip_existing_item,skip_known_ids=on
196/285  "Desert Eagle | Printstream (Minimal Wear)"  skipped  - already exists, skip_existing_item,skip_known_ids=on
197/285  "AK-47 | Frontside Misty (Well-Worn)"  skipped  - already exists, skip_existing_item,skip_known_ids=on
198/285  "M4A4 | Asiimov (Battle-Scarred)"  skipped  - already exists, skip_existing_item,skip_known_ids=on
199/285  "M4A1-S | Golden Coil (Well-Worn)"  skipped  - already exists, skip_existing_item,skip_known_ids=on
200/285  "SSG 08 | Bloodshot (Field-Tested)"  skipped  - already exists, skip_existing_item,skip_known_ids=on
201/285  "M4A4 | Evil Daimyo (Field-Tested)"  skipped  - already exists, skip_existing_item,skip_known_ids=on
202/285  "M4A4 | Neo-Noir (Battle-Scarred)"  skipped  - already exists, skip_existing_item,skip_known_ids=on
203/285  "AUG | Fleet Flock (Minimal Wear)"  skipped  - already exists, skip_existing_item,skip_known_ids=on
204/285  "AWP | Redline (Field-Tested)"  skipped  - already exists, skip_existing_item,skip_known_ids=on
205/285  "AK-47 | The Oligarch (Battle-Scarred)"  skipped  - already exists, skip_existing_item,skip_known_ids=on
206/285  "USP-S | Alpine Camo (Factory New)"  skipped  - already exists, skip_existing_item,skip_known_ids=on
207/285  "USP-S | Neo-Noir (Field-Tested)"  skipped  - already exists, skip_existing_item,skip_known_ids=on
208/285  "FAMAS | Pulse (Field-Tested)"  skipped  - already exists, skip_existing_item,skip_known_ids=on
209/285  "AWP | Chrome Cannon (Minimal Wear)"  skipped  - already exists, skip_existing_item,skip_known_ids=on
210/285  "AWP | POP AWP (Minimal Wear)"  skipped  - already exists, skip_existing_item,skip_known_ids=on
211/285  "SG 553 | Colony IV (Field-Tested)"  skipped  - already exists, skip_existing_item,skip_known_ids=on
212/285  "AWP | Atheris (Field-Tested)"  skipped  - already exists, skip_existing_item,skip_known_ids=on
213/285  "AK-47 | Cartel (Minimal Wear)"  skipped  - already exists, skip_existing_item,skip_known_ids=on
214/285  "P90 | Trigon (Field-Tested)"  skipped  - already exists, skip_existing_item,skip_known_ids=on
215/285  "AWP | Chrome Cannon (Well-Worn)"  skipped  - already exists, skip_existing_item,skip_known_ids=on
216/285  "MP9 | Starlight Protector (Minimal Wear)"  skipped  - already exists, skip_existing_item,skip_known_ids=on
217/285  "Five-SeveN | Case Hardened (Battle-Scarred)"  skipped  - already exists, skip_existing_item,skip_known_ids=on
218/285  "AWP | Containment Breach (Battle-Scarred)"  skipped  - already exists, skip_existing_item,skip_known_ids=on
219/285  "SG 553 | Cyrex (Field-Tested)"  skipped  - already exists, skip_existing_item,skip_known_ids=on
220/285  "AK-47 | Elite Build (Minimal Wear)"  skipped  - already exists, skip_existing_item,skip_known_ids=on
221/285  "Dual Berettas | Panther (Minimal Wear)"  skipped  - already exists, skip_existing_item,skip_known_ids=on
222/285  "M4A4 | йѕЌзЋ‹ (Dragon King) (Minimal Wear)"  skipped  - already exists, skip_existing_item,skip_known_ids=on
223/285  "M4A1-S | Nightmare (Field-Tested)"  skipped  - already exists, skip_existing_item,skip_known_ids=on
224/285  "AWP | Exoskeleton (Field-Tested)"  skipped  - already exists, skip_existing_item,skip_known_ids=on
225/285  "AK-47 | Frontside Misty (Minimal Wear)"  skipped  - already exists, skip_existing_item,skip_known_ids=on
226/285  "AWP | Hyper Beast (Minimal Wear)"  skipped  - already exists, skip_existing_item,skip_known_ids=on
227/285  "AUG | Chameleon (Field-Tested)"  skipped  - already exists, skip_existing_item,skip_known_ids=on
228/285  "UMP-45 | Crimson Foil (Battle-Scarred)"  skipped  - already exists, skip_existing_item,skip_known_ids=on
229/285  "MP7 | Powercore (Minimal Wear)"  skipped  - already exists, skip_existing_item,skip_known_ids=on
230/285  "USP-S | Kill Confirmed (Well-Worn)"  skipped  - already exists, skip_existing_item,skip_known_ids=on
231/285  "Glock-18 | Water Elemental (Well-Worn)"  skipped  - already exists, skip_existing_item,skip_known_ids=on
232/285  "SSG 08 | Parallax (Minimal Wear)"  skipped  - already exists, skip_existing_item,skip_known_ids=on
233/285  "Five-SeveN | Case Hardened (Field-Tested)"  skipped  - already exists, skip_existing_item,skip_known_ids=on
234/285  "AK-47 | Redline (Battle-Scarred)"  skipped  - already exists, skip_existing_item,skip_known_ids=on
235/285  "AK-47 | Aquamarine Revenge (Well-Worn)"  skipped  - already exists, skip_existing_item,skip_known_ids=on
236/285  "FAMAS | Pulse (Minimal Wear)"  skipped  - already exists, skip_existing_item,skip_known_ids=on
237/285  "M4A4 | Desolate Space (Battle-Scarred)"  skipped  - already exists, skip_existing_item,skip_known_ids=on
238/285  "Glock-18 | Nuclear Garden (Factory New)"  skipped  - already exists, skip_existing_item,skip_known_ids=on
239/285  "Glock-18 | Snack Attack (Well-Worn)"  skipped  - already exists, skip_existing_item,skip_known_ids=on
240/285  "M4A1-S | Guardian (Field-Tested)"  skipped  - already exists, skip_existing_item,skip_known_ids=on
241/285  "FAMAS | Mecha Industries (Factory New)"  skipped  - already exists, skip_existing_item,skip_known_ids=on
242/285  "AWP | Elite Build (Battle-Scarred)"  skipped  - already exists, skip_existing_item,skip_known_ids=on
243/285  "Desert Eagle | Printstream (Factory New)"  skipped  - already exists, skip_existing_item,skip_known_ids=on
244/285  "Galil AR | Rainbow Spoon (Minimal Wear)"  skipped  - already exists, skip_existing_item,skip_known_ids=on
245/285  "P2000 | Imperial Dragon (Minimal Wear)"  skipped  - already exists, skip_existing_item,skip_known_ids=on
246/285  "AUG | Fleet Flock (Battle-Scarred)"  skipped  - already exists, skip_existing_item,skip_known_ids=on
247/285  "M4A4 | Polysoup (Factory New)"  skipped  - already exists, skip_existing_item,skip_known_ids=on
248/285  "XM1014 | Halftone Shift (Factory New)"  skipped  - already exists, skip_existing_item,skip_known_ids=on
249/285  "Glock-18 | AXIA (Minimal Wear)"  skipped  - already exists, skip_existing_item,skip_known_ids=on
250/285  "Glock-18 | Bullet Queen (Well-Worn)"  skipped  - already exists, skip_existing_item,skip_known_ids=on
251/285  "M4A4 | In Living Color (Battle-Scarred)"  skipped  - already exists, skip_existing_item,skip_known_ids=on
252/285  "Desert Eagle | Kumicho Dragon (Minimal Wear)"  skipped  - already exists, skip_existing_item,skip_known_ids=on
253/285  "SSG 08 | Dark Water (Field-Tested)"  skipped  - already exists, skip_existing_item,skip_known_ids=on
254/285  "M4A1-S | Blood Tiger (Minimal Wear)"  skipped  - already exists, skip_existing_item,skip_known_ids=on
255/285  "Glock-18 | Water Elemental (Battle-Scarred)"  skipped  - already exists, skip_existing_item,skip_known_ids=on
256/285  "MP7 | Fade (Minimal Wear)"  skipped  - already exists, skip_existing_item,skip_known_ids=on
257/285  "Glock-18 | Ramese's Reach (Minimal Wear)"  skipped  - already exists, skip_existing_item,skip_known_ids=on
258/285  "AWP | Neo-Noir (Factory New)"  skipped  - already exists, skip_existing_item,skip_known_ids=on
259/285  "Dual Berettas | Royal Consorts (Well-Worn)"  skipped  - already exists, skip_existing_item,skip_known_ids=on
260/285  "AK-47 | Neon Rider (Minimal Wear)"  skipped  - already exists, skip_existing_item,skip_known_ids=on
261/285  "USP-S | Para Green (Field-Tested)"  skipped  - already exists, skip_existing_item,skip_known_ids=on
262/285  "USP-S | Monster Mashup (Field-Tested)"  skipped  - already exists, skip_existing_item,skip_known_ids=on
263/285  "Sawed-Off | Kissв™ҐLove (Well-Worn)"  skipped  - already exists, skip_existing_item,skip_known_ids=on
264/285  "AWP | Printstream (Battle-Scarred)"  skipped  - already exists, skip_existing_item,skip_known_ids=on
265/285  "AK-47 | Orbit Mk01 (Minimal Wear)"  skipped  - already exists, skip_existing_item,skip_known_ids=on
266/285  "Five-SeveN | Monkey Business (Well-Worn)"  skipped  - already exists, skip_existing_item,skip_known_ids=on
267/285  "AK-47 | Frontside Misty (Battle-Scarred)"  skipped  - already exists, skip_existing_item,skip_known_ids=on
268/285  "USP-S | Jawbreaker (Minimal Wear)"  skipped  - already exists, skip_existing_item,skip_known_ids=on
269/285  "MAC-10 | Disco Tech (Minimal Wear)"  skipped  - already exists, skip_existing_item,skip_known_ids=on
270/285  "SSG 08 | Big Iron (Minimal Wear)"  skipped  - already exists, skip_existing_item,skip_known_ids=on
271/285  "Desert Eagle | Mulberry (Field-Tested)"  skipped  - already exists, skip_existing_item,skip_known_ids=on
272/285  "SCAR-20 | Bloodsport (Factory New)"  skipped  - already exists, skip_existing_item,skip_known_ids=on
273/285  "Desert Eagle | Midnight Storm (Minimal Wear)"  skipped  - already exists, skip_existing_item,skip_known_ids=on
274/285  "M4A4 | The Emperor (Minimal Wear)"  skipped  - already exists, skip_existing_item,skip_known_ids=on
275/285  "P2000 | Imperial Dragon (Battle-Scarred)"  skipped  - already exists, skip_existing_item,skip_known_ids=on
276/285  "M4A4 | Tooth Fairy (Battle-Scarred)"  skipped  - already exists, skip_existing_item,skip_known_ids=on
277/285  "SCAR-20 | Cardiac (Field-Tested)"  skipped  - already exists, skip_existing_item,skip_known_ids=on
278/285  "UMP-45 | Neo-Noir (Field-Tested)"  skipped  - already exists, skip_existing_item,skip_known_ids=on
279/285  "AWP | Sun in Leo (Field-Tested)"  skipped  - already exists, skip_existing_item,skip_known_ids=on
280/285  "Nova | Rising Skull (Field-Tested)"  skipped  - already exists, skip_existing_item,skip_known_ids=on
281/285  "AK-47 | Cartel (Battle-Scarred)"  skipped  - already exists, skip_existing_item,skip_known_ids=on
282/285  "Galil AR | Chromatic Aberration (Battle-Scarred)"  skipped  - already exists, skip_existing_item,skip_known_ids=on
283/285  "G3SG1 | Flux (Field-Tested)"  skipped  - already exists, skip_existing_item,skip_known_ids=on
284/285  "AK-47 | Neon Rider (Battle-Scarred)"  skipped  - already exists, skip_existing_item,skip_known_ids=on
285/285  "Glock-18 | AXIA (Battle-Scarred)"  skipped  - already exists, skip_existing_item,skip_known_ids=on
