1/337 "AK-47 | Aquamarine Revenge (Minimal Wear)"  steam_n=63  median=86.245  iqr_risk=7.789800306869184  downside=4.747004032649067  ret7=0.00968623555622905  0.8s
2/337 "AK-47 | Aquamarine Revenge (Well-Worn)"  steam_n=88  median=42.504  iqr_risk=2.4704422884794806  downside=4.6937219752174455  ret7=-0.027400551443248156  1.0s
3/337 "AK-47 | Blue Laminate (Field-Tested)"  steam_n=201  median=19.033  iqr_risk=4.150223916995522  downside=2.6870039462599284  ret7=-0.057671164417790965  0.8s
4/337 "AK-47 | Breakthrough (Minimal Wear)"  steam_n=957  median=10.4  iqr_risk=8.885968170519156  downside=6.371610617446217  ret7=-0.0023669676514420646  0.8s
5/337 "AK-47 | Cartel (Factory New)"  steam_n=36  median=102.0055  iqr_risk=7.909226413869977  downside=5.323955475189902  ret7=-0.030314613760214715  0.9s
6/337 "AK-47 | Cartel (Minimal Wear)"  steam_n=187  median=27.072  iqr_risk=5.637868644162259  downside=5.951805975583479  ret7=0.023883621625533813  1.0s
7/337 "AK-47 | Crane Flight (Field-Tested)"  steam_n=1918  median=32.575  iqr_risk=7.489496437922419  downside=6.490896912866108  ret7=-0.14336618228383713  0.9s
8/337 "AK-47 | Emerald Pinstripe (Field-Tested)"  steam_n=860  median=3.6005  iqr_risk=7.641407569423291  downside=5.911016362579247  ret7=0.04370110601564625  1.1s
9/337 "AK-47 | Frontside Misty (Minimal Wear)"  steam_n=224  median=38.5475  iqr_risk=7.322189127099789  downside=3.397301111261939  ret7=0.07789121863331339  0.8s
10/337 "AK-47 | Head Shot (Battle-Scarred)"  steam_n=341  median=35.2  iqr_risk=7.052865508276689  downside=5.160083710528319  ret7=-0.01715204078805177  0.9s
11/337 "AK-47 | Ice Coaled (Battle-Scarred)"  steam_n=1460  median=5.086  iqr_risk=3.7849227407523007  downside=2.399719057281103  ret7=-0.013762357045939089  0.7s
12/337 "AK-47 | Ice Coaled (Factory New)"  steam_n=456  median=24.469  iqr_risk=5.151596024294187  downside=4.249864538095131  ret7=-0.08750295484989346  0.7s
13/337 "AK-47 | Inheritance (Battle-Scarred)"  steam_n=343  median=48.531  iqr_risk=2.9837978338162396  downside=2.5108319469949114  ret7=-0.03859030487925674  0.8s
14/337 "AK-47 | Midnight Laminate (Minimal Wear)"  steam_n=1646  median=15.126  iqr_risk=4.242869530107164  downside=4.176678117781001  ret7=0.022303140646335873  0.8s
15/337 "AK-47 | Neon Rider (Minimal Wear)"  steam_n=79  median=97.447  iqr_risk=7.35266169948955  downside=8.52939575143021  ret7=0.026542443468994703  0.8s
16/337 "AK-47 | Nightwish (Battle-Scarred)"  steam_n=311  median=80.349  iqr_risk=6.527893837538501  downside=4.997567941730384  ret7=-0.07781696946269823  0.8s
17/337 "AK-47 | Nightwish (Well-Worn)"  steam_n=412  median=80.843  iqr_risk=5.164392308556848  downside=4.3387564701566985  ret7=-0.09469321346499848  1.1s
18/337 "AK-47 | Nouveau Rouge (Minimal Wear)"  steam_n=291  median=46.522  iqr_risk=2.5354904307759525  downside=2.7735948620924855  ret7=-0.08252466277431048  0.8s
19/337 "AK-47 | Orbit Mk01 (Field-Tested)"  steam_n=110  median=34.98  iqr_risk=4.538567058296835  downside=5.496788709112715  ret7=-0.0374914109024278  0.8s
20/337 "AK-47 | Orbit Mk01 (Minimal Wear)"  steam_n=44  median=48.6835  iqr_risk=5.955492004010324  downside=5.656977795309244  ret7=-0.021565027939722703  0.8s
21/337 "AK-47 | Phantom Disruptor (Minimal Wear)"  steam_n=914  median=11.185  iqr_risk=7.345244379232907  downside=7.50628505989819  ret7=0.01864346590909105  0.8s
22/337 "AK-47 | Point Disarray (Factory New)"  steam_n=34  median=102.671  iqr_risk=9.807427894741025  downside=11.834084388386866  ret7=-0.16527685251123736  0.8s
23/337 "AK-47 | Red Laminate (Field-Tested)"  steam_n=34  median=73.458  iqr_risk=3.0558556517212163  downside=3.43957411970668  ret7=-0.046771589732375385  0.9s
24/337 "AK-47 | Safari Mesh (Factory New)"  steam_n=92  median=17.162  iqr_risk=9.417399163025767  downside=8.133731673200122  ret7=-0.16411456478608122  0.7s
25/337 "AK-47 | Safety Net (Field-Tested)"  steam_n=2237  median=3.639  iqr_risk=6.262593258182214  downside=3.8283504873931165  ret7=-0.029842792432720477  0.8s
26/337 "AK-47 | Searing Rage (Battle-Scarred)"  steam_n=1661  median=5.181  iqr_risk=6.150202460080986  downside=3.972801589120639  ret7=-0.043593979441997166  0.8s
27/337 "AK-47 | Searing Rage (Factory New)"  steam_n=196  median=46.955  iqr_risk=6.838715382688022  downside=4.3952642738181185  ret7=-0.10614750167833509  1.0s
28/337 "AK-47 | Searing Rage (Field-Tested)"  steam_n=4281  median=6.425  iqr_risk=5.3371699076437515  downside=3.54264321405919  ret7=-0.03206199665704301  0.7s
29/337 "AK-47 | The Oligarch (Field-Tested)"  steam_n=200  median=94.012  iqr_risk=7.987858875200089  downside=4.214266031985096  ret7=-0.11813031832942233  0.7s
30/337 "AK-47 | The Outsiders (Field-Tested)"  steam_n=1048  median=10.251  iqr_risk=5.625824474276404  downside=4.093272289904544  ret7=-0.06958098692373782  0.7s
31/337 "AK-47 | Uncharted (Factory New)"  steam_n=553  median=5.077  iqr_risk=3.996490886051273  downside=6.257919875231499  ret7=-0.2543935966591264  0.9s
32/337 "AK-47 | Wintergreen (Factory New)"  steam_n=808  median=9.247  iqr_risk=7.064709734912329  downside=5.0891678029611676  ret7=-0.050376793640962036  0.9s
33/337 "AK-47 | Wintergreen (Minimal Wear)"  steam_n=3106  median=3.75  iqr_risk=8.789506024418255  downside=7.1064091261254045  ret7=0.0022698612862548373  0.7s
34/337 "AUG | Amber Slipstream (Factory New)"  steam_n=167  median=3.234  iqr_risk=20.048656095201807  downside=10.31743705484069  ret7=-0.1885964912280701  0.9s
35/337 "AUG | Carved Jade (Minimal Wear)"  steam_n=7  median=31.588  iqr_risk=8.39303739053398  downside=5.069777348368165  ret7=-0.08530906011854356  0.7s
36/337 "AUG | Chameleon (Field-Tested)"  steam_n=58  median=98.2625  iqr_risk=6.356566035602109  downside=7.914505574717673  ret7=-0.04777249498354208  0.8s
37/337 "AUG | Chameleon (Minimal Wear)"  steam_n=63  median=101.759  iqr_risk=11.286820758091968  downside=9.330438493356025  ret7=0.08656667919048733  0.9s
38/337 "AUG | Death by Puppy (Factory New)"  steam_n=69  median=29.888  iqr_risk=4.7828563571723155  downside=4.396561319426712  ret7=-0.1035147274640894  0.7s
39/337 "AUG | Death by Puppy (Field-Tested)"  steam_n=172  median=5.2315  iqr_risk=5.697923848923626  downside=6.042672182639992  ret7=-0.024536993513208705  0.8s
40/337 "AUG | Fleet Flock (Battle-Scarred)"  steam_n=47  median=13.405  iqr_risk=4.782928623988236  downside=5.008138782973219  ret7=0.0906767848846215  0.7s
41/337 "AUG | Fleet Flock (Field-Tested)"  steam_n=117  median=14.689  iqr_risk=6.875840795749484  downside=6.019757850824145  ret7=-0.07094968430645054  0.9s
42/337 "AUG | Lil' Pig (Field-Tested)"  steam_n=7  median=75.187  iqr_risk=3.3264343479429725  downside=3.377887315428546  ret7=-0.13485680094814012  0.7s
43/337 "AUG | Luxe Trim (Factory New)"  steam_n=78  median=6.816  iqr_risk=14.436518437553932  downside=9.405741241442787  ret7=-0.1785488160060783  1.0s
44/337 "AUG | Momentum (Field-Tested)"  steam_n=332  median=6.829  iqr_risk=3.302749608557586  downside=3.936374145777545  ret7=-0.06370412037688078  0.8s
45/337 "AUG | Navy Murano (Well-Worn)"  steam_n=23  median=3.667  iqr_risk=8.046039711979052  downside=5.700414575605488  ret7=-0.04303495762711851  0.7s
46/337 "AUG | Plague (Factory New)"  steam_n=21  median=10.76  iqr_risk=7.687135406255112  downside=6.596761589765015  ret7=-0.26074737170812945  0.7s
47/337 "AUG | Spalted Wood (Factory New)"  steam_n=100  median=11.179  iqr_risk=9.373316573891188  downside=8.134314957802125  ret7=-0.2975629735818145  0.7s
48/337 "AUG | Surveillance (Factory New)"  steam_n=264  median=3.026  iqr_risk=16.620077783179394  downside=4.162615459406903  ret7=-0.16650414431984406  0.8s
49/337 "AUG | Syd Mead (Field-Tested)"  steam_n=205  median=13.296  iqr_risk=4.549815608790809  downside=3.761280844301857  ret7=0.00822139029582325  0.8s
50/337 "AUG | Triqua (Factory New)"  steam_n=96  median=4.697  iqr_risk=10.254216062781763  downside=9.204374686926029  ret7=-0.24950248756218907  1.0s
51/337 "AWP | Acheron (Factory New)"  steam_n=462  median=13.7  iqr_risk=5.700652023458265  downside=6.696535897716097  ret7=-0.1722717285156251  0.9s
52/337 "AWP | Atheris (Factory New)"  steam_n=172  median=52.996  iqr_risk=4.204939630288331  downside=4.287010135801344  ret7=-0.1347854251012146  0.8s
53/337 "AWP | Atheris (Field-Tested)"  steam_n=3010  median=6.265  iqr_risk=6.623887393914295  downside=4.63353661449293  ret7=0.013919645681746307  0.7s
54/337 "AWP | Black Nile (Factory New)"  steam_n=156  median=39.05  iqr_risk=2.7319547068663015  downside=4.285891965570714  ret7=-0.15334113364534574  0.7s
55/337 "AWP | Chromatic Aberration (Minimal Wear)"  steam_n=296  median=57.246  iqr_risk=10.175310065079644  downside=5.146046911783733  ret7=-0.09366547567369021  2.0s
56/337 "AWP | Duality (Minimal Wear)"  steam_n=1345  median=7.939  iqr_risk=6.262863492304008  downside=6.477518087806356  ret7=-0.055780676206154234  0.7s
57/337 "AWP | Exoskeleton (Minimal Wear)"  steam_n=203  median=18.824  iqr_risk=6.974771765871038  downside=6.325759770738625  ret7=-0.09939168724070357  1.8s
58/337 "AWP | Fever Dream (Factory New)"  steam_n=111  median=35.635  iqr_risk=3.5413489703127556  downside=4.0187711153985415  ret7=-0.10017302852348986  0.7s
59/337 "AWP | Hyper Beast (Field-Tested)"  steam_n=131  median=45.085  iqr_risk=6.074636023874611  downside=6.028894962905111  ret7=-0.0402599612823622  0.8s
60/337 "AWP | Hyper Beast (Well-Worn)"  steam_n=92  median=40.366  iqr_risk=2.3942516201935065  downside=2.5987384620710334  ret7=-0.0034252398882544943  1.0s
61/337 "AWP | POP AWP (Minimal Wear)"  steam_n=139  median=13.71  iqr_risk=4.2403839266528225  downside=1.3910178353986131  ret7=-0.01352983812515085  0.9s
62/337 "AWP | Pink DDPAT (Field-Tested)"  steam_n=7  median=44.126  iqr_risk=2.6720574616583463  downside=2.710003839812066  ret7=0.6910406603372012  0.8s
63/337 "AWP | Pink DDPAT (Minimal Wear)"  steam_n=5  median=109.525  iqr_risk=7.567526686945129  downside=6.315218614363268  ret7=-0.09192638080363491  1.0s
64/337 "AWP | Redline (Field-Tested)"  steam_n=118  median=45.341  iqr_risk=2.6415692592465723  downside=3.6289977033558416  ret7=0.030679915635667854  0.9s
65/337 "AWP | Safari Mesh (Factory New)"  steam_n=142  median=18.816  iqr_risk=2.17613311304664  downside=8.137775425201431  ret7=-0.2198152812762385  0.9s
66/337 "AWP | The End (Minimal Wear)"  steam_n=268  median=36.915  iqr_risk=6.4329990221195095  downside=4.770871552836529  ret7=-0.06607660613459487  0.6s
67/337 "AWP | Wildfire (Battle-Scarred)"  steam_n=53  median=49.605  iqr_risk=4.917926135555035  downside=3.199193289338325  ret7=-0.06179687804118483  1.0s
68/337 "AWP | Wildfire (Field-Tested)"  steam_n=151  median=55.549  iqr_risk=7.201964382236635  downside=5.8835452760945595  ret7=0.00749393097139639  0.8s
69/337 "AWP | Worm God (Factory New)"  steam_n=584  median=7.462  iqr_risk=5.417504355984445  downside=4.353303846669344  ret7=-0.08073047858942062  1.9s
70/337 "CZ75-Auto | Circaetus (Factory New)"  steam_n=91  median=5.265  iqr_risk=14.509597399531485  downside=5.7384640528810325  ret7=-0.24841681059297638  0.8s
71/337 "CZ75-Auto | Distressed (Factory New)"  steam_n=50  median=5.307  iqr_risk=10.243294520293142  downside=3.0449016033629777  ret7=-0.2234695667426767  1.8s
72/337 "CZ75-Auto | Emerald (Factory New)"  steam_n=19  median=59.245  iqr_risk=5.326703358763822  downside=3.734373276925081  ret7=-0.07468775497395341  1.1s
73/337 "CZ75-Auto | Imprint (Factory New)"  steam_n=47  median=7.094  iqr_risk=18.807545474960698  downside=11.716820121266569  ret7=-0.2669851998601561  0.8s
74/337 "CZ75-Auto | Red Astor (Factory New)"  steam_n=29  median=18.88  iqr_risk=3.7276625790440985  downside=6.274725617037187  ret7=0.004933163590070011  0.8s
75/337 "CZ75-Auto | Silver (Factory New)"  steam_n=201  median=26.802  iqr_risk=9.832746903166727  downside=5.86182988458016  ret7=0.10065686347689784  0.7s
76/337 "CZ75-Auto | Slalom (Factory New)"  steam_n=32  median=34.375  iqr_risk=0.23254062945244688  downside=0.5913424225926402  ret7=-0.024269088844734665  0.8s
77/337 "CZ75-Auto | Tuxedo (Factory New)"  steam_n=78  median=4.0325  iqr_risk=15.248413713540481  downside=15.830261078925584  ret7=-0.017105422782967117  0.9s
78/337 "CZ75-Auto | Victoria (Minimal Wear)"  steam_n=6  median=130.22  iqr_risk=10.612406588753448  downside=8.616098199657346  ret7=-0.0812790588822665  0.9s
79/337 "CZ75-Auto | Xiangliu (Factory New)"  steam_n=24  median=42.2505  iqr_risk=9.59226122635058  downside=9.09362890357877  ret7=-0.05924955166229817  1.3s
80/337 "Desert Eagle | Calligraffiti (Factory New)"  steam_n=121  median=18.645  iqr_risk=6.751975628068772  downside=6.028163840739798  ret7=-0.05628384876246384  0.7s
81/337 "Desert Eagle | Code Red (Field-Tested)"  steam_n=128  median=53.667  iqr_risk=12.48023921051767  downside=5.987564850073569  ret7=0.004930404755971729  0.9s
82/337 "Desert Eagle | Conspiracy (Minimal Wear)"  steam_n=248  median=22.486  iqr_risk=4.249190736496682  downside=4.084216909371407  ret7=-0.018454746136865263  0.9s
83/337 "Desert Eagle | Crimson Web (Field-Tested)"  steam_n=270  median=15.237  iqr_risk=4.158071588889321  downside=4.398085081539723  ret7=0.06486753332236295  0.9s
84/337 "Desert Eagle | Heat Treated (Factory New)"  steam_n=35  median=80.588  iqr_risk=4.556541416213008  downside=5.513205589127393  ret7=-0.1250719780300905  0.8s
85/337 "Desert Eagle | Heat Treated (Minimal Wear)"  steam_n=911  median=4.093  iqr_risk=4.468973601308941  downside=5.323695328335246  ret7=-0.009530450953044944  1.0s
86/337 "Desert Eagle | Heirloom (Minimal Wear)"  steam_n=37  median=24.349  iqr_risk=14.325204300382003  downside=5.527796134814076  ret7=-0.16975710258078514  0.9s
87/337 "Desert Eagle | Light Rail (Factory New)"  steam_n=156  median=20.616  iqr_risk=10.210199996112799  downside=7.813259217507923  ret7=-0.19226924358547148  0.7s
88/337 "Desert Eagle | Mecha Industries (Minimal Wear)"  steam_n=750  median=10.049  iqr_risk=6.607517405047704  downside=3.850282124252839  ret7=0.06944579721437627  0.8s
89/337 "Desert Eagle | Naga (Factory New)"  steam_n=33  median=62.143  iqr_risk=5.784130440682725  downside=5.82947112644464  ret7=-0.0973194915624408  0.9s
90/337 "Desert Eagle | Ocean Drive (Battle-Scarred)"  steam_n=15  median=92.0  iqr_risk=1.8207363547186286  downside=10.322340639898318  ret7=-0.03950555416353463  0.8s
91/337 "Desert Eagle | Ocean Drive (Field-Tested)"  steam_n=60  median=90.368  iqr_risk=7.223162523406012  downside=8.908282210313823  ret7=0.04009812566415705  0.7s
92/337 "Desert Eagle | Printstream (Field-Tested)"  steam_n=1001  median=45.927  iqr_risk=5.255333576756558  downside=5.333576756559388  ret7=0.0122658244278111  0.7s
93/337 "Desert Eagle | Sputnik (Factory New)"  steam_n=182  median=10.538  iqr_risk=6.048796859995724  downside=4.294198264047505  ret7=-0.22103988234276317  0.7s
94/337 "Desert Eagle | The Bronze (Factory New)"  steam_n=251  median=16.734  iqr_risk=11.41708505926636  downside=10.895492340822722  ret7=-0.053834047864546486  0.9s
95/337 "Dual Berettas | Demolition (Field-Tested)"  steam_n=8  median=35.04  iqr_risk=2.626778006852465  downside=12.29438898859406  ret7=-0.07305432091399944  1.1s
96/337 "Dual Berettas | Elite 1.6 (Factory New)"  steam_n=129  median=3.782  iqr_risk=15.472706451202445  downside=9.670441532001524  ret7=-0.26949989709816835  0.7s
97/337 "Dual Berettas | Heist (Factory New)"  steam_n=250  median=9.591  iqr_risk=11.105027638852333  downside=15.31982100552777  ret7=-0.126571897211591  0.7s
98/337 "Dual Berettas | Melondrama (Well-Worn)"  steam_n=1221  median=7.491  iqr_risk=6.2747382216279926  downside=3.455077375200212  ret7=-0.031687918192147446  0.7s
99/337 "Dual Berettas | Panther (Factory New)"  steam_n=42  median=14.747  iqr_risk=19.54427057177102  downside=11.752810643953852  ret7=-0.23946957878315134  0.8s
100/337 "Dual Berettas | Royal Consorts (Minimal Wear)"  steam_n=161  median=6.963  iqr_risk=3.44273582740418  downside=2.553362405324764  ret7=-0.011983645848019142  0.7s
101/337 "Dual Berettas | Sweet Little Angels (Factory New)"  steam_n=437  median=24.324  iqr_risk=4.034925526450948  downside=3.278890600924507  ret7=-0.09421945175778224  0.7s
102/337 "Dual Berettas | Sweet Little Angels (Field-Tested)"  steam_n=1775  median=4.393  iqr_risk=9.224884688941392  downside=4.3874451569355255  ret7=-0.10741687979539627  0.8s
103/337 "Dual Berettas | Twin Turbo (Factory New)"  steam_n=27  median=46.871  iqr_risk=7.712667013892581  downside=4.933300736614971  ret7=-0.06943760651391784  0.8s
104/337 "Dual Berettas | Twin Turbo (Minimal Wear)"  steam_n=82  median=8.69  iqr_risk=6.567476997132554  downside=8.057625205845424  ret7=-0.09285867467295728  0.8s
105/337 "FAMAS | Bad Trip (Field-Tested)"  steam_n=716  median=60.362  iqr_risk=6.944191724534932  downside=6.469445887245384  ret7=0.022902834525025506  0.8s
106/337 "FAMAS | Commemoration (Field-Tested)"  steam_n=99  median=40.104  iqr_risk=10.729666848175818  downside=6.062076134844804  ret7=-0.0736610280680382  0.7s
107/337 "FAMAS | Commemoration (Minimal Wear)"  steam_n=80  median=45.482  iqr_risk=7.527684597216254  downside=8.381819229218275  ret7=-0.056934090765104584  0.7s
108/337 "FAMAS | Cyanospatter (Factory New)"  steam_n=55  median=18.56  iqr_risk=10.776971933739594  downside=9.248133207450007  ret7=-0.24395622018201502  0.8s
109/337 "FAMAS | Dark Water (Minimal Wear)"  steam_n=11  median=64.698  iqr_risk=6.011626848796982  downside=3.3223974938572605  ret7=-0.16714552411720318  0.7s
110/337 "FAMAS | Faulty Wiring (Factory New)"  steam_n=199  median=18.452  iqr_risk=19.706330738987408  downside=17.646901495092145  ret7=-0.14831630722663636  0.8s
111/337 "FAMAS | Night Borre (Minimal Wear)"  steam_n=16  median=12.4685  iqr_risk=5.352738811479915  downside=5.529461662922765  ret7=-0.03438821870593767  0.7s
112/337 "FAMAS | Pulse (Factory New)"  steam_n=126  median=61.814  iqr_risk=18.63278151626028  downside=12.582996443466465  ret7=-0.026629680998612848  0.8s
113/337 "FAMAS | Rapid Eye Movement (Field-Tested)"  steam_n=2273  median=7.859  iqr_risk=3.88677864290852  downside=1.8424340320280643  ret7=-0.04457743038593065  0.8s
114/337 "FAMAS | Rapid Eye Movement (Minimal Wear)"  steam_n=993  median=10.094  iqr_risk=5.6902620258115055  downside=2.5127102072741465  ret7=-0.0642313832284721  0.7s
115/337 "FAMAS | Rapid Eye Movement (Well-Worn)"  steam_n=1164  median=7.463  iqr_risk=5.071761441336191  downside=2.522603858256222  ret7=-0.0300732878443265  0.8s
116/337 "FAMAS | Sergeant (Minimal Wear)"  steam_n=6  median=35.473  iqr_risk=7.802151739555666  downside=7.044851194634625  ret7=-0.18442070324655113  0.8s
117/337 "FAMAS | Valence (Factory New)"  steam_n=33  median=43.545  iqr_risk=13.321806017167786  downside=8.421023817290521  ret7=-0.14740312951184298  0.8s
118/337 "FAMAS | Yeti Camo (Factory New)"  steam_n=815  median=4.479  iqr_risk=5.506486641263408  downside=3.2157881984978287  ret7=0.003908045977011554  0.7s
119/337 "Five-SeveN | Case Hardened (Minimal Wear)"  steam_n=26  median=22.6665  iqr_risk=9.795279708482346  downside=7.880508131452868  ret7=-0.0026743926899932546  0.9s
120/337 "Five-SeveN | Copper Galaxy (Factory New)"  steam_n=46  median=42.73  iqr_risk=13.43200421892555  downside=6.302020039896361  ret7=-0.15458951562546452  0.9s
121/337 "Five-SeveN | Fowl Play (Battle-Scarred)"  steam_n=20  median=21.3735  iqr_risk=8.01665921551096  downside=11.818631026612382  ret7=-0.05750666544083849  0.9s
122/337 "Five-SeveN | Heat Treated (Battle-Scarred)"  steam_n=389  median=5.168  iqr_risk=6.429579883237316  downside=4.846033502499341  ret7=-0.03343823760818254  0.8s
123/337 "Five-SeveN | Heat Treated (Field-Tested)"  steam_n=976  median=5.538  iqr_risk=6.265730795136311  downside=5.140203481158497  ret7=-0.01901920566846904  0.7s
124/337 "Five-SeveN | Retrobution (Factory New)"  steam_n=28  median=27.7255  iqr_risk=19.577578924958623  downside=6.658402752501494  ret7=-0.17723833449777748  0.7s
125/337 "Five-SeveN | Violent Daimyo (Factory New)"  steam_n=246  median=3.671  iqr_risk=5.943615967443976  downside=4.230141093946612  ret7=-0.1668222118525431  0.8s
126/337 "Five-SeveN | Withered Vine (Factory New)"  steam_n=232  median=18.11  iqr_risk=7.332475219204164  downside=4.818640879236925  ret7=-0.01061500380807312  0.7s
127/337 "Five-SeveN | Withered Vine (Field-Tested)"  steam_n=9  median=4.295  iqr_risk=12.83986161740463  downside=10.485500011609279  ret7=-0.09464586846543  0.7s
128/337 "G3SG1 | Flux (Field-Tested)"  steam_n=99  median=8.295  iqr_risk=8.123870842578782  downside=9.152086137281296  ret7=0.0832917082917084  0.8s
129/337 "Galil AR | Blue Titanium (Factory New)"  steam_n=143  median=21.067  iqr_risk=10.867031121388157  downside=9.877389057794145  ret7=-0.08948803134849659  1.0s
130/337 "Galil AR | Connexion (Factory New)"  steam_n=272  median=6.436  iqr_risk=6.2069073341567425  downside=5.903597504729447  ret7=-0.16341319136350185  0.7s
131/337 "Galil AR | Control (Factory New)"  steam_n=803  median=7.589  iqr_risk=8.2398477989897  downside=5.943711867742573  ret7=-0.16731425880136586  0.7s
132/337 "Galil AR | Crimson Tsunami (Factory New)"  steam_n=132  median=18.751  iqr_risk=9.140603046514217  downside=10.360057049239435  ret7=-0.20138857982108693  0.9s
133/337 "Galil AR | Kami (Factory New)"  steam_n=79  median=16.239  iqr_risk=15.205335774840503  downside=3.420041606063598  ret7=-0.2480363154136489  0.8s
134/337 "Galil AR | Rocket Pop (Factory New)"  steam_n=63  median=19.452  iqr_risk=4.970091711868873  downside=7.471136824612025  ret7=-0.13748507759649808  1.1s
135/337 "Galil AR | Signal (Factory New)"  steam_n=389  median=6.363  iqr_risk=8.473132270706502  downside=4.72140898740648  ret7=-0.12637282178942733  0.8s
136/337 "Glock-18 | Bunsen Burner (Factory New)"  steam_n=122  median=10.132  iqr_risk=6.424723179901857  downside=2.87720039566307  ret7=-0.1472777452538263  0.8s
137/337 "Glock-18 | Catacombs (Factory New)"  steam_n=204  median=7.247  iqr_risk=14.36465552654943  downside=2.980268475941851  ret7=-0.19036541080344993  0.9s
138/337 "Glock-18 | Clear Polymer (Factory New)"  steam_n=186  median=7.888  iqr_risk=11.949700951073641  downside=5.025002451220709  ret7=-0.16566614007372293  0.8s
139/337 "Glock-18 | Grinder (Minimal Wear)"  steam_n=239  median=4.0  iqr_risk=6.843820506392582  downside=6.843820506392582  ret7=-0.07694145758661874  0.8s
140/337 "Glock-18 | Ironwork (Factory New)"  steam_n=79  median=27.657  iqr_risk=5.552933887125764  downside=7.6044394652757035  ret7=-0.05577189624447232  0.8s
141/337 "Glock-18 | Mirror Mosaic (Battle-Scarred)"  steam_n=370  median=5.297  iqr_risk=2.591800828619527  downside=2.956923135133088  ret7=0.03601184965747084  0.8s
142/337 "Glock-18 | Mirror Mosaic (Well-Worn)"  steam_n=390  median=6.915  iqr_risk=9.995002498750614  downside=5.25451559934319  ret7=-0.16384033394208197  0.7s
143/337 "Glock-18 | Neo-Noir (Well-Worn)"  steam_n=27  median=42.827  iqr_risk=4.835262500793532  downside=6.711292624490666  ret7=-0.07056917542229535  0.8s
144/337 "Glock-18 | Snack Attack (Minimal Wear)"  steam_n=62  median=46.075  iqr_risk=2.517310596896845  downside=2.850772520122138  ret7=-0.07969843834141077  0.7s
145/337 "Glock-18 | Vogue (Minimal Wear)"  steam_n=936  median=7.86  iqr_risk=7.739977235361062  downside=6.386745921335524  ret7=-0.02012738853503182  0.8s
146/337 "Glock-18 | Water Elemental (Field-Tested)"  steam_n=370  median=22.858  iqr_risk=4.009775682988554  downside=3.5218643623985426  ret7=-0.05217840537282603  0.9s
147/337 "Glock-18 | Water Elemental (Minimal Wear)"  steam_n=316  median=23.7405  iqr_risk=4.513249791987082  downside=4.605699973945858  ret7=0.013653090240026478  0.8s
148/337 "Glock-18 | Weasel (Factory New)"  steam_n=75  median=60.322  iqr_risk=3.7161359991933525  downside=1.501091259192764  ret7=-0.0956643398724274  0.9s
149/337 "Glock-18 | Winterized (Factory New)"  steam_n=452  median=4.077  iqr_risk=8.274622913612928  downside=3.99546077828739  ret7=-0.2683177570093457  0.8s
150/337 "M4A1-S | Atomic Alloy (Minimal Wear)"  steam_n=66  median=69.668  iqr_risk=2.4397296947939338  downside=1.3899049987273724  ret7=-0.039693332408242576  0.9s
151/337 "M4A1-S | Basilisk (Minimal Wear)"  steam_n=266  median=13.259  iqr_risk=9.320267046010496  downside=9.66423555445165  ret7=0.09421841541755871  0.9s
152/337 "M4A1-S | Blood Tiger (Factory New)"  steam_n=100  median=34.4  iqr_risk=6.522746358555579  downside=6.695045318970254  ret7=-0.18798813643104306  0.8s
153/337 "M4A1-S | Blood Tiger (Minimal Wear)"  steam_n=201  median=6.25  iqr_risk=5.870285624112355  downside=5.854505286413136  ret7=-0.029888855512165913  0.9s
154/337 "M4A1-S | Control Panel (Field-Tested)"  steam_n=157  median=17.076  iqr_risk=6.365511575537984  downside=7.275714716329872  ret7=0.03387300493742096  0.9s
155/337 "M4A1-S | Flashback (Battle-Scarred)"  steam_n=192  median=3.906  iqr_risk=5.690032154340837  downside=9.00578778135049  ret7=-0.06257492208103577  1.0s
156/337 "M4A1-S | Flashback (Field-Tested)"  steam_n=609  median=4.76  iqr_risk=3.2344787028480195  downside=3.759556414349311  ret7=-0.01350798198935732  0.7s
157/337 "M4A1-S | Glitched Paint (Factory New)"  steam_n=342  median=15.479  iqr_risk=5.295359861172253  downside=3.627640502484991  ret7=-0.1320320147406  0.8s
158/337 "M4A1-S | Leaded Glass (Minimal Wear)"  steam_n=422  median=12.778  iqr_risk=7.435319710978174  downside=5.625048558775543  ret7=0.050537379484748124  0.8s
159/337 "M4A1-S | Party Animal (Factory New)"  steam_n=187  median=85.586  iqr_risk=13.931750130887737  downside=11.55694646250139  ret7=-0.0681143438798879  0.6s
160/337 "M4A1-S | Player Two (Field-Tested)"  steam_n=205  median=68.484  iqr_risk=6.9627426808677155  downside=6.536243653636042  ret7=-0.04366647582075389  0.8s
161/337 "M4A1-S | Vaporwave (Field-Tested)"  steam_n=175  median=67.597  iqr_risk=7.280141489755512  downside=7.068905745964776  ret7=-0.03955016597791494  0.6s
162/337 "M4A4 | Bullet Rain (Field-Tested)"  steam_n=8  median=95.8025  iqr_risk=3.458866993536782  downside=1.6523097597150944  ret7=0.008678891490286667  0.8s
163/337 "M4A4 | Choppa (Factory New)"  steam_n=997  median=3.115  iqr_risk=12.528797298576697  downside=6.343295357717678  ret7=-0.16442665141549895  0.7s
164/337 "M4A4 | Cyber Security (Field-Tested)"  steam_n=46  median=29.3045  iqr_risk=8.642999280948475  downside=4.155448905536695  ret7=-0.19540961736704876  0.8s
165/337 "M4A4 | Desert-Strike (Field-Tested)"  steam_n=57  median=41.421  iqr_risk=4.8489251427373325  downside=5.445715929535786  ret7=-0.04158591151628266  1.2s
166/337 "M4A4 | Desert-Strike (Minimal Wear)"  steam_n=35  median=47.886  iqr_risk=8.338732969969556  downside=13.28098862053049  ret7=-0.08249681528662423  0.8s
167/337 "M4A4 | Evil Daimyo (Factory New)"  steam_n=238  median=14.179  iqr_risk=7.208071359556387  downside=4.670018063937937  ret7=0.5183791988385138  1.0s
168/337 "M4A4 | Evil Daimyo (Field-Tested)"  steam_n=1027  median=4.186  iqr_risk=3.611317054504575  downside=3.2286609427689896  ret7=0.003844305622296984  0.9s
169/337 "M4A4 | Faded Zebra (Minimal Wear)"  steam_n=15  median=22.469  iqr_risk=1.8436163659173797  downside=3.836520691221243  ret7=-0.06854308846594048  0.8s
170/337 "M4A4 | Hellish (Well-Worn)"  steam_n=217  median=31.115  iqr_risk=7.844422735519293  downside=16.607327735892525  ret7=0.33255250724580154  0.9s
171/337 "M4A4 | Jungle Tiger (Minimal Wear)"  steam_n=12  median=39.2335  iqr_risk=3.82876192362279  downside=2.7397990661680054  ret7=0.02730853496474195  0.9s
172/337 "M4A4 | Magnesium (Factory New)"  steam_n=184  median=8.585  iqr_risk=8.121450365105295  downside=4.536676227588023  ret7=-0.1326677645121449  0.8s
173/337 "M4A4 | Neo-Noir (Battle-Scarred)"  steam_n=130  median=36.942  iqr_risk=8.703766402140431  downside=9.860414929078894  ret7=-0.011250327044390884  0.8s
174/337 "M4A4 | Neo-Noir (Field-Tested)"  steam_n=333  median=45.244  iqr_risk=8.204251919577478  downside=6.983711331054988  ret7=0.04694638797536799  0.8s
175/337 "M4A4 | Neo-Noir (Minimal Wear)"  steam_n=122  median=71.07  iqr_risk=2.772277227722772  downside=5.1252266071677495  ret7=-0.08155807595484932  0.8s
176/337 "M4A4 | The Emperor (Field-Tested)"  steam_n=174  median=69.522  iqr_risk=8.034976786578953  downside=5.428807428294756  ret7=-0.050930849178328796  0.9s
177/337 "M4A4 | The Emperor (Minimal Wear)"  steam_n=84  median=91.5275  iqr_risk=9.393180567098772  downside=5.8204798860189735  ret7=-0.017205066897288512  0.7s
178/337 "M4A4 | Turbine (Factory New)"  steam_n=64  median=36.8915  iqr_risk=7.03560983160485  downside=6.699960080490761  ret7=-0.14580850218514108  0.8s
179/337 "M4A4 | Turbine (Minimal Wear)"  steam_n=379  median=4.521  iqr_risk=6.8709782964336235  downside=3.904460682735309  ret7=-0.062294407894736836  0.7s
1/157 "MAC-10 | Carnivore (Factory New)"  steam_n=54  median=9.32  iqr_risk=5.917283050317737  downside=6.141264715074497  ret7=-0.23329976502181948  1.0s
2/157 "MAC-10 | Fade (Factory New)"  steam_n=47  median=86.193  iqr_risk=3.2939969922875734  downside=1.9763981953725311  ret7=-0.012288178704258468  0.8s
3/157 "MAC-10 | Heat (Factory New)"  steam_n=20  median=29.2  iqr_risk=5.71961935670182  downside=7.630399207909901  ret7=-0.19389509888220124  0.9s
4/157 "MAC-10 | Malachite (Factory New)"  steam_n=63  median=16.311  iqr_risk=12.113716033115379  downside=9.770529299157191  ret7=-0.1329275271838094  0.8s
5/157 "MAC-10 | Propaganda (Field-Tested)"  steam_n=13  median=49.451  iqr_risk=5.588497664900034  downside=4.838924521980611  ret7=-0.008302416524616496  0.8s
6/157 "MAC-10 | Sienna Damask (Factory New)"  steam_n=333  median=3.222  iqr_risk=10.007513148009007  downside=5.740045078888048  ret7=-0.10450250138966088  0.7s
7/157 "MAC-10 | Surfwood (Factory New)"  steam_n=12  median=12.222  iqr_risk=13.3518974123678  downside=3.8857992706215474  ret7=-0.1857304643261608  0.8s
8/157 "MAC-10 | Surfwood (Field-Tested)"  steam_n=19  median=6.299  iqr_risk=7.654080311915759  downside=7.539029417874435  ret7=0.07733511884834288  0.8s
9/157 "MAC-10 | Toybox (Minimal Wear)"  steam_n=11  median=35.641  iqr_risk=4.633690764441354  downside=2.0145278450363238  ret7=-0.16590577493293168  0.8s
10/157 "MAG-7 | Bulldozer (Minimal Wear)"  steam_n=3  median=51.28  iqr_risk=9.444025631360727  downside=3.5295891443648664  ret7=0.12656253432632525  0.9s
11/157 "MAG-7 | Monster Call (Factory New)"  steam_n=166  median=7.692  iqr_risk=9.111017484727197  downside=9.348009269012007  ret7=1.0507614213197969  0.8s
12/157 "MAG-7 | Navy Sheen (Factory New)"  steam_n=413  median=2.385  iqr_risk=22.772069616271743  downside=21.17844411826378  ret7=-0.1927813889839206  0.8s
13/157 "MAG-7 | SWAG-7 (Factory New)"  steam_n=55  median=10.786  iqr_risk=4.014806644294683  downside=8.17917535217192  ret7=-0.044265952699687694  0.8s
14/157 "MAG-7 | Silver (Factory New)"  steam_n=36  median=31.4875  iqr_risk=10.940223391231996  downside=9.863124630290997  ret7=-0.22858771982474058  0.9s
15/157 "MP5-SD | Agent (Factory New)"  steam_n=31  median=14.521  iqr_risk=11.504099440922271  downside=15.301804863837528  ret7=-0.13313848641253656  0.7s
16/157 "MP5-SD | Desert Strike (Factory New)"  steam_n=80  median=4.282  iqr_risk=2.694766753492786  downside=10.65356381719157  ret7=-0.24807565427754563  0.8s
17/157 "MP5-SD | Phosphor (Field-Tested)"  steam_n=458  median=5.413  iqr_risk=8.383494880794347  downside=5.655676589863426  ret7=-0.0484248424842485  0.7s
18/157 "MP5-SD | Phosphor (Minimal Wear)"  steam_n=172  median=7.838  iqr_risk=8.802907006499817  downside=7.331490864425001  ret7=-0.16784686877627797  0.8s
19/157 "MP7 | Abyssal Apparition (Battle-Scarred)"  steam_n=774  median=7.347  iqr_risk=4.340942612413907  downside=2.92282919040338  ret7=-0.04926851669618837  0.7s
20/157 "MP7 | Armor Core (Factory New)"  steam_n=274  median=4.2855  iqr_risk=12.889271447173842  downside=6.477741729016308  ret7=-0.2825165338307615  1.1s
21/157 "MP7 | Astrolabe (Factory New)"  steam_n=298  median=13.632  iqr_risk=14.652104908433408  downside=10.993789270003692  ret7=-0.13923978279508442  0.8s
22/157 "MP7 | Fade (Minimal Wear)"  steam_n=582  median=10.2075  iqr_risk=5.858384996295872  downside=4.977190314656686  ret7=0.041173152848279715  1.0s
23/157 "MP7 | Impire (Factory New)"  steam_n=56  median=30.498  iqr_risk=11.958556468400904  downside=4.29849512943159  ret7=-0.17644608591819178  0.9s
24/157 "MP7 | Nemesis (Factory New)"  steam_n=51  median=37.016  iqr_risk=7.53781541661457  downside=5.63873277460229  ret7=-0.1173841449070806  1.0s
25/157 "MP7 | Prey (Factory New)"  steam_n=254  median=4.008  iqr_risk=3.478303771862743  downside=3.9963490144805958  ret7=-0.18065379468552867  0.7s
26/157 "MP7 | Scorched (Field-Tested)"  steam_n=48  median=11.6495  iqr_risk=17.741921844212722  downside=15.91952710759317  ret7=-0.3020593438136243  0.7s
27/157 "MP7 | Tall Grass (Factory New)"  steam_n=8  median=35.86  iqr_risk=6.443937525239835  downside=5.352484692374011  ret7=-0.09920584898525175  0.7s
28/157 "MP9 | Airlock (Factory New)"  steam_n=12  median=55.434  iqr_risk=5.3775435133186456  downside=7.411069913019222  ret7=-0.09647183233993462  1.0s
29/157 "MP9 | Arctic Tri-Tone (Factory New)"  steam_n=573  median=18.17  iqr_risk=10.033067182837323  downside=6.581175901282362  ret7=0.10184588338704947  0.7s
30/157 "MP9 | Deadly Poison (Factory New)"  steam_n=24  median=16.14  iqr_risk=20.001431788303602  downside=16.665365040936134  ret7=-0.15706999324033666  0.9s
31/157 "MP9 | Food Chain (Well-Worn)"  steam_n=426  median=4.228  iqr_risk=4.802346762555896  downside=4.8969742849707805  ret7=-0.0736289381563594  0.8s
32/157 "MP9 | Hydra (Minimal Wear)"  steam_n=87  median=14.514  iqr_risk=9.197134056515335  downside=5.186822016874244  ret7=-0.014663951120163055  1.0s
33/157 "MP9 | Latte Rush (Field-Tested)"  steam_n=230  median=40.4175  iqr_risk=11.460906674059741  downside=16.915357614943225  ret7=0.36371645432366506  0.8s
34/157 "MP9 | Music Box (Factory New)"  steam_n=12  median=95.7245  iqr_risk=3.7224005737607015  downside=10.187454107682589  ret7=-0.23353726530243213  0.8s
35/157 "MP9 | Music Box (Field-Tested)"  steam_n=12  median=14.3585  iqr_risk=14.805538557868822  downside=20.11782954561625  ret7=0.0670753188191362  0.8s
36/157 "MP9 | Orange Peel (Factory New)"  steam_n=60  median=9.837  iqr_risk=6.936711849068478  downside=2.164033758926628  ret7=-0.18370627300029607  0.9s
37/157 "MP9 | Rose Iron (Factory New)"  steam_n=55  median=25.008  iqr_risk=13.561390462025441  downside=5.899738763991383  ret7=-0.20797636144538545  1.0s
38/157 "MP9 | Ruby Poison Dart (Factory New)"  steam_n=184  median=9.707  iqr_risk=8.050492031342712  downside=6.67055381656745  ret7=-0.18049876432262424  0.8s
39/157 "MP9 | Sand Dashed (Factory New)"  steam_n=150  median=3.273  iqr_risk=12.89487156322462  downside=11.654169301653267  ret7=-0.17467760844079716  0.9s
40/157 "MP9 | Setting Sun (Factory New)"  steam_n=11  median=87.253  iqr_risk=15.825219335166581  downside=15.82814224516901  ret7=0.08920340028356888  0.8s
41/157 "MP9 | Setting Sun (Minimal Wear)"  steam_n=5  median=40.541  iqr_risk=6.54749778512648  downside=3.6868761044756946  ret7=0.10277251683501687  0.8s
42/157 "MP9 | Starlight Protector (Battle-Scarred)"  steam_n=257  median=84.441  iqr_risk=6.594763678659933  downside=7.568840549360212  ret7=0.04350494709189556  0.7s
43/157 "MP9 | Urban Sovereign (Factory New)"  steam_n=635  median=8.871  iqr_risk=6.050581116963402  downside=4.331171375092497  ret7=-0.09889638915675558  0.7s
44/157 "Negev | Nuclear Waste (Minimal Wear)"  steam_n=25  median=6.26  iqr_risk=20.026069439507044  downside=5.501244223249193  ret7=0.4700770471241711  0.8s
45/157 "Negev | Phoenix Stencil (Factory New)"  steam_n=3  median=33.614  iqr_risk=8.473739169700576  downside=0.6186323483758099  ret7=-0.24253554769362518  0.7s
46/157 "Nova | Green Apple (Factory New)"  steam_n=16  median=18.852  iqr_risk=9.490713577059703  downside=7.398201388962973  ret7=-0.12418825063310168  0.8s
47/157 "Nova | Red Quartz (Field-Tested)"  steam_n=14  median=11.123  iqr_risk=4.379753001777161  downside=7.53263389595041  ret7=-0.034028381117868656  0.7s
48/157 "Nova | Rising Skull (Factory New)"  steam_n=20  median=13.7215  iqr_risk=3.428633626006822  downside=3.6768013932225556  ret7=-0.0356135401974611  0.8s
49/157 "Nova | Rising Sun (Factory New)"  steam_n=285  median=9.307  iqr_risk=7.294161390155615  downside=10.181205778463097  ret7=-0.13193077002798215  0.8s
50/157 "Nova | Sobek's Bite (Field-Tested)"  steam_n=42  median=14.1495  iqr_risk=8.964473589392517  downside=10.799884701304311  ret7=-0.09988448732758037  0.7s
51/157 "Nova | Yorkshire (Factory New)"  steam_n=281  median=5.2  iqr_risk=10.81101301810563  downside=9.501720784079007  ret7=0.1648706896551726  0.7s
52/157 "P2000 | Dispatch (Factory New)"  steam_n=9  median=59.432  iqr_risk=7.428829340866912  downside=4.341284833085374  ret7=-0.011726041384151453  0.7s
53/157 "P2000 | Imperial Dragon (Battle-Scarred)"  steam_n=42  median=12.81  iqr_risk=3.8387027884556666  downside=3.24150344743426  ret7=0.009445943800603152  1.0s
54/157 "P2000 | Imperial Dragon (Minimal Wear)"  steam_n=61  median=14.743  iqr_risk=5.707762557077626  downside=9.526527505979567  ret7=0.004723571286008976  0.7s
55/157 "P2000 | Panther Camo (Minimal Wear)"  steam_n=8  median=9.282  iqr_risk=9.729198514959599  downside=8.014850404018345  ret7=-0.003954408001860976  0.8s
56/157 "P2000 | Space Race (Factory New)"  steam_n=10  median=59.8945  iqr_risk=2.811526544445649  downside=0.9418273344243024  ret7=-0.1090608887086495  0.7s
57/157 "P2000 | Turf (Factory New)"  steam_n=82  median=23.64  iqr_risk=3.5306978049362754  downside=3.163387962121442  ret7=-0.1358288382869347  0.8s
58/157 "P250 | Bengal Tiger (Minimal Wear)"  steam_n=10  median=30.486  iqr_risk=5.6261488319027455  downside=5.534075480132502  ret7=-0.022382119774586928  1.0s
59/157 "P250 | Black & Tan (Factory New)"  steam_n=2  median=37.365  iqr_risk=8.00214104108123  downside=6.4017128328649875  ret7=-0.07412395291836138  0.8s
60/157 "P250 | Boreal Forest (Factory New)"  steam_n=183  median=7.692  iqr_risk=13.253686764980396  downside=17.84847595935892  ret7=-0.15388888888888885  0.9s
61/157 "P250 | Cartel (Field-Tested)"  steam_n=100  median=10.598  iqr_risk=6.8044178641950825  downside=4.211898755704205  ret7=-0.0074909830759271046  0.7s
62/157 "P250 | Contaminant (Factory New)"  steam_n=36  median=14.495  iqr_risk=21.55300500265809  downside=15.181772331347712  ret7=-0.1837787576112061  0.8s
63/157 "P250 | Digital Architect (Factory New)"  steam_n=0  median=None  iqr_risk=None  downside=None  ret7=None  0.7s
64/157 "P250 | Epicenter (Field-Tested)"  steam_n=316  median=6.371  iqr_risk=7.528182226977409  downside=4.558775643113  ret7=-0.01765712507778472  0.8s
65/157 "P250 | Franklin (Factory New)"  steam_n=226  median=7.88  iqr_risk=10.131022770939465  downside=3.6567376941479797  ret7=-0.15428033866415802  1.1s
66/157 "P250 | Kintsugi (Field-Tested)"  steam_n=1100  median=8.76  iqr_risk=10.474270461431031  downside=8.469517620425963  ret7=-0.09078197267935906  0.8s
67/157 "P250 | Mehndi (Battle-Scarred)"  steam_n=10  median=17.1745  iqr_risk=2.6578579894155023  downside=4.054846923808063  ret7=0.03612899344203102  0.9s
68/157 "P250 | Mehndi (Minimal Wear)"  steam_n=10  median=25.1525  iqr_risk=4.218437931155781  downside=2.7953551453373593  ret7=-0.08944154349942479  0.8s
69/157 "P250 | Muertos (Factory New)"  steam_n=41  median=40.059  iqr_risk=1.3908484676859532  downside=4.079822171878798  ret7=-0.06666197050812428  1.1s
70/157 "P250 | Muertos (Field-Tested)"  steam_n=107  median=14.629  iqr_risk=6.627214138056827  downside=4.857254806588028  ret7=-0.13704234605506793  1.0s
71/157 "P250 | Nevermore (Factory New)"  steam_n=291  median=4.487  iqr_risk=6.487234089262577  downside=4.698030778687634  ret7=-0.12474849094567408  1.0s
72/157 "P250 | Steel Disruption (Factory New)"  steam_n=45  median=17.227  iqr_risk=22.6502460927381  downside=3.434504792332279  ret7=-0.20390003786444533  0.8s
73/157 "P250 | Supernova (Factory New)"  steam_n=230  median=7.47  iqr_risk=7.493028941910146  downside=8.694935509127621  ret7=-0.12332405767771304  0.8s
74/157 "P250 | Vino Primo (Minimal Wear)"  steam_n=249  median=4.289  iqr_risk=9.22656338990774  downside=2.223487868777763  ret7=0.10676965015901851  0.8s
75/157 "P250 | Visions (Field-Tested)"  steam_n=1901  median=4.429  iqr_risk=5.126165539794074  downside=1.92231207742279  ret7=0.01655629139072845  0.7s
76/157 "P90 | Ancient Earth (Well-Worn)"  steam_n=90  median=7.837  iqr_risk=0.27576524856477025  downside=0.7947053072275525  ret7=-0.40516129032258075  0.8s
77/157 "P90 | Attack Vector (Minimal Wear)"  steam_n=19  median=19.913  iqr_risk=4.318881091252111  downside=9.798353442017364  ret7=-0.04098441507200634  0.8s
78/157 "P90 | Chopper (Factory New)"  steam_n=85  median=9.645  iqr_risk=3.085677227702059  downside=9.211008022760787  ret7=-0.14922227797290522  0.8s
79/157 "P90 | Deathgaze (Minimal Wear)"  steam_n=884  median=15.444  iqr_risk=3.367197149490101  downside=3.847671027360502  ret7=-0.03492884864165591  0.8s
80/157 "P90 | Deathgaze (Well-Worn)"  steam_n=891  median=7.307  iqr_risk=9.46799522577012  downside=2.8967237517936915  ret7=-0.10236321602876952  0.8s
81/157 "P90 | Elite Build (Factory New)"  steam_n=96  median=8.136  iqr_risk=4.943265203851532  downside=3.2573289902279985  ret7=-0.2609442836468886  1.0s
82/157 "P90 | Glacier Mesh (Minimal Wear)"  steam_n=4  median=8.5  iqr_risk=6.055341278941824  downside=5.3279590442104885  ret7=0.07183161098078994  0.8s
83/157 "P90 | Module (Factory New)"  steam_n=144  median=4.363  iqr_risk=16.877170824123784  downside=6.894762957282709  ret7=-0.29191033138401556  0.8s
84/157 "P90 | Nostalgia (Field-Tested)"  steam_n=160  median=5.1355  iqr_risk=10.90734159319838  downside=10.04339374423218  ret7=-0.03680276020701534  0.8s
85/157 "P90 | Nostalgia (Minimal Wear)"  steam_n=87  median=7.359  iqr_risk=9.570983676975946  downside=7.007087628865982  ret7=-0.045179559788904644  0.8s
86/157 "P90 | ScaraB Rush (Factory New)"  steam_n=10  median=50.6155  iqr_risk=14.041905913166106  downside=12.974111010375733  ret7=-0.16011125036482565  0.8s
87/157 "P90 | Shapewood (Field-Tested)"  steam_n=83  median=11.555  iqr_risk=12.551804239368588  downside=13.066546999973596  ret7=-0.00928966470791548  0.9s
88/157 "P90 | Storm (Minimal Wear)"  steam_n=20  median=4.098  iqr_risk=6.6707966794696985  downside=9.322264899021183  ret7=-0.009531374106433677  0.9s
89/157 "P90 | Traction (Factory New)"  steam_n=80  median=6.3395  iqr_risk=8.336931047243127  downside=4.582459602812387  ret7=-0.23234354666982138  0.7s
90/157 "PP-Bizon | Bamboo Print (Factory New)"  steam_n=6  median=24.927  iqr_risk=4.1343862326078975  downside=1.2722095940727194  ret7=0.07228289131565258  1.0s
91/157 "PP-Bizon | Brass (Factory New)"  steam_n=120  median=7.8435  iqr_risk=6.786908682443654  downside=6.538000051058181  ret7=-0.07676969092721841  0.7s
92/157 "PP-Bizon | Chemical Green (Factory New)"  steam_n=11  median=30.58  iqr_risk=1.6534914361001396  downside=1.8017127799736399  ret7=-0.010151280445601651  0.8s
93/157 "PP-Bizon | Fuel Rod (Factory New)"  steam_n=17  median=15.918  iqr_risk=8.541411136579336  downside=6.113852181972569  ret7=-0.2186017083201519  0.8s
94/157 "PP-Bizon | Lumen (Factory New)"  steam_n=8  median=9.9955  iqr_risk=25.808308548402564  downside=45.20344963595468  ret7=0.03275877628372892  0.8s
95/157 "PP-Bizon | Urban Dashed (Factory New)"  steam_n=27  median=3.667  iqr_risk=6.681918366208188  downside=13.218759590436063  ret7=-0.22829581993569137  0.9s
96/157 "R8 Revolver | Bone Forged (Factory New)"  steam_n=205  median=2.043  iqr_risk=26.147588611272525  downside=7.2855674250212425  ret7=-0.3419344368711458  0.8s
97/157 "R8 Revolver | Fade (Field-Tested)"  steam_n=41  median=108.73  iqr_risk=3.032804066446575  downside=15.187414377793251  ret7=0.01025025802069468  0.8s
98/157 "R8 Revolver | Fade (Minimal Wear)"  steam_n=47  median=112.124  iqr_risk=10.019161838634767  downside=11.286277869203543  ret7=-0.11075406358219186  0.7s
99/157 "R8 Revolver | Tango (Factory New)"  steam_n=124  median=6.307  iqr_risk=16.22564609256801  downside=10.244851329237049  ret7=-0.07738183986879377  0.7s
100/157 "SCAR-20 | Cardiac (Field-Tested)"  steam_n=28  median=10.8885  iqr_risk=10.306396506677869  downside=6.963806113313721  ret7=0.0031511659313945284  0.8s
101/157 "SG 553 | Barricade (Factory New)"  steam_n=8  median=19.2415  iqr_risk=3.33801408370426  downside=5.115835617574047  ret7=0.04186635817771167  0.9s
102/157 "SG 553 | Colony IV (Field-Tested)"  steam_n=39  median=11.58  iqr_risk=11.42481261576278  downside=11.043985528570683  ret7=-0.00397372475873814  0.8s
103/157 "SG 553 | Danger Close (Factory New)"  steam_n=53  median=4.047  iqr_risk=27.7992277992278  downside=32.84611141753999  ret7=-0.259046052631579  0.8s
104/157 "SG 553 | Dragon Tech (Factory New)"  steam_n=658  median=3.941  iqr_risk=1.6283452695062186  downside=2.8144239226033334  ret7=-0.01618705035971213  0.7s
105/157 "SG 553 | Fallout Warning (Factory New)"  steam_n=19  median=17.778  iqr_risk=11.143951588027132  downside=12.899390363594549  ret7=0.18333560430576368  0.7s
106/157 "SG 553 | Pulse (Minimal Wear)"  steam_n=71  median=12.123  iqr_risk=3.9927659504186925  downside=4.75663534113993  ret7=-0.20131265382662034  0.8s
107/157 "SG 553 | Ultraviolet (Minimal Wear)"  steam_n=10  median=24.856  iqr_risk=3.810898848114818  downside=1.4335620318499536  ret7=0.024173856421943807  0.8s
108/157 "SSG 08 | Big Iron (Field-Tested)"  steam_n=184  median=12.068  iqr_risk=3.6893638541830627  downside=2.8354212092822633  ret7=-0.05966179739599875  0.8s
109/157 "SSG 08 | Big Iron (Minimal Wear)"  steam_n=63  median=18.311  iqr_risk=4.59265934519318  downside=4.800034743522232  ret7=0.05559744212672091  0.9s
110/157 "SSG 08 | Blood in the Water (Minimal Wear)"  steam_n=18  median=117.7965  iqr_risk=7.509209216147367  downside=3.8404840353863765  ret7=-0.04409379990932072  0.7s
111/157 "SSG 08 | Bloodshot (Field-Tested)"  steam_n=113  median=22.072  iqr_risk=2.915187537686623  downside=4.023230825728001  ret7=0.006408369375693557  0.9s
112/157 "SSG 08 | Dark Water (Field-Tested)"  steam_n=103  median=4.487  iqr_risk=6.602587136183965  downside=5.479698167445198  ret7=0.1525590551181102  0.9s
113/157 "SSG 08 | Dark Water (Minimal Wear)"  steam_n=52  median=15.209  iqr_risk=13.26814454109316  downside=9.149993127687562  ret7=-0.18469529827567743  0.7s
114/157 "SSG 08 | Death's Head (Factory New)"  steam_n=10  median=51.096  iqr_risk=4.472533936129736  downside=1.0325963686130657  ret7=-0.04801342624685323  1.5s
115/157 "SSG 08 | Death's Head (Field-Tested)"  steam_n=8  median=28.093  iqr_risk=9.895508589365962  downside=7.970874273469356  ret7=-0.009587727708533  0.8s
116/157 "SSG 08 | Detour (Factory New)"  steam_n=26  median=71.7445  iqr_risk=8.871832904537358  downside=4.4887912405955905  ret7=-0.08690698294243071  0.8s
117/157 "SSG 08 | Fever Dream (Factory New)"  steam_n=294  median=7.444  iqr_risk=7.4518526411123815  downside=4.41916837590901  ret7=-0.16165413533834594  0.8s
118/157 "SSG 08 | Parallax (Factory New)"  steam_n=19  median=34.202  iqr_risk=5.801797430921357  downside=4.7378939099898325  ret7=-0.06649754874016656  0.7s
119/157 "SSG 08 | Red Stone (Minimal Wear)"  steam_n=49  median=16.594  iqr_risk=10.860044469217621  downside=17.140862065797297  ret7=0.22841619529621915  0.7s
120/157 "SSG 08 | Spring Twilly (Factory New)"  steam_n=167  median=11.478  iqr_risk=13.702264596634778  downside=8.88379178719981  ret7=-0.315675470264108  0.7s
121/157 "SSG 08 | Threat Detected (Factory New)"  steam_n=8  median=50.6475  iqr_risk=1.270102411108565  downside=3.1266481418799232  ret7=-0.004272164301951986  0.7s
122/157 "Sawed-Off | Bamboo Shadow (Factory New)"  steam_n=9  median=14.461  iqr_risk=4.027358735272835  downside=5.505877213340793  ret7=-0.28876560332871004  0.8s
123/157 "Sawed-Off | Kiss♥Love (Field-Tested)"  steam_n=1385  median=4.596  iqr_risk=3.67710304489935  downside=3.2685360399105483  ret7=-0.09245592455924567  0.7s
124/157 "Tec-9 | Brother (Factory New)"  steam_n=137  median=10.846  iqr_risk=9.395489055549904  downside=7.157587134838223  ret7=-0.14172513413124233  0.9s
125/157 "Tec-9 | Fuel Injector (Field-Tested)"  steam_n=263  median=13.735  iqr_risk=5.415944540727908  downside=5.522427518138817  ret7=-0.0921998692715521  0.9s
126/157 "Tec-9 | Groundwater (Factory New)"  steam_n=95  median=4.293  iqr_risk=19.277953031896246  downside=2.3002103049421754  ret7=-0.21460590212924913  0.9s
127/157 "Tec-9 | Toxic (Factory New)"  steam_n=32  median=72.096  iqr_risk=15.195590090987569  downside=5.727893867250026  ret7=0.09465478146257977  0.8s
128/157 "Tec-9 | Whiteout (Field-Tested)"  steam_n=1093  median=8.704  iqr_risk=7.206506445819663  downside=9.883208839981249  ret7=0.282737257110673  0.8s
129/157 "UMP-45 | Blaze (Factory New)"  steam_n=13  median=47.128  iqr_risk=2.7951345496959066  downside=3.300008331250525  ret7=0.005889088827089717  0.9s
130/157 "UMP-45 | Continuum (Factory New)"  steam_n=328  median=5.974  iqr_risk=4.879720599275378  downside=4.047393674315374  ret7=-0.12083525257177952  0.7s
131/157 "UMP-45 | Exposure (Factory New)"  steam_n=95  median=6.179  iqr_risk=9.382042656040754  downside=7.2247444230329565  ret7=-0.17813927398028684  0.7s
132/157 "UMP-45 | K.O. Factory (Factory New)"  steam_n=204  median=35.122  iqr_risk=8.679830282940193  downside=4.669049119128727  ret7=0.04973079448456974  0.7s
133/157 "UMP-45 | Primal Saber (Factory New)"  steam_n=10  median=36.049  iqr_risk=14.577144151001043  downside=9.88195882335289  ret7=-0.023978441401308892  0.8s
134/157 "UMP-45 | Primal Saber (Field-Tested)"  steam_n=212  median=14.74  iqr_risk=9.333797633435076  downside=6.380712427538458  ret7=0.008195027890641082  1.3s
135/157 "UMP-45 | Scaffold (Factory New)"  steam_n=12  median=16.652  iqr_risk=9.87115482347315  downside=9.814355325700282  ret7=0.017888545267115585  0.9s
136/157 "UMP-45 | Wild Child (Battle-Scarred)"  steam_n=940  median=3.99  iqr_risk=9.42211055276382  downside=8.045226130653273  ret7=-0.022343465835282017  0.7s
137/157 "UMP-45 | Wild Child (Minimal Wear)"  steam_n=969  median=7.931  iqr_risk=5.138771659798406  downside=1.539148999553146  ret7=-0.07093956562795078  0.7s
138/157 "USP-S | Black Lotus (Minimal Wear)"  steam_n=529  median=3.695  iqr_risk=8.391344233986292  downside=6.772435378554851  ret7=-0.011284944857655854  0.7s
139/157 "USP-S | Blueprint (Field-Tested)"  steam_n=206  median=9.944  iqr_risk=7.928300586004826  downside=7.973923799095648  ret7=0.019409784115666406  0.8s
140/157 "USP-S | Cortex (Battle-Scarred)"  steam_n=649  median=4.154  iqr_risk=5.748778384593257  downside=5.341573249017913  ret7=-0.04863078375826235  0.8s
141/157 "USP-S | Cortex (Minimal Wear)"  steam_n=581  median=9.316  iqr_risk=4.203782339857173  downside=2.6925491948958644  ret7=0.07159763313609457  0.8s
142/157 "USP-S | Cyrex (Minimal Wear)"  steam_n=600  median=5.111  iqr_risk=5.57855657278364  downside=4.703870002138123  ret7=0.022637406089363266  1.0s
143/157 "USP-S | Desert Tactical (Factory New)"  steam_n=141  median=10.965  iqr_risk=10.090698850906996  downside=10.560453855604543  ret7=-0.16678145087235996  0.8s
144/157 "USP-S | Jawbreaker (Minimal Wear)"  steam_n=1358  median=9.277  iqr_risk=3.1266673780813257  downside=1.3232312453313282  ret7=-0.020982764158013034  0.8s
145/157 "USP-S | Lead Conduit (Factory New)"  steam_n=42  median=35.1225  iqr_risk=8.385166631879214  downside=5.9937382592360695  ret7=-0.1590127300574986  0.8s
146/157 "USP-S | Printstream (Battle-Scarred)"  steam_n=305  median=39.338  iqr_risk=3.449446973306715  downside=2.468597613520017  ret7=-0.04622158811374588  0.7s
147/157 "USP-S | Printstream (Field-Tested)"  steam_n=801  median=46.195  iqr_risk=4.024833526126752  downside=4.2587850981513515  ret7=0.02721442191020973  0.7s
148/157 "USP-S | Purple DDPAT (Field-Tested)"  steam_n=19  median=18.503  iqr_risk=5.955140517032036  downside=15.282469037684615  ret7=0.040761936823205946  0.8s
149/157 "USP-S | Purple DDPAT (Minimal Wear)"  steam_n=20  median=28.281  iqr_risk=3.9448718750651612  downside=1.7618481683034057  ret7=-0.02353557341364021  0.7s
150/157 "USP-S | Royal Blue (Field-Tested)"  steam_n=73  median=12.347  iqr_risk=9.088169906430936  downside=8.371540021336015  ret7=0.017028380634390494  0.9s
151/157 "USP-S | Royal Guard (Minimal Wear)"  steam_n=1311  median=4.907  iqr_risk=6.470238948381432  downside=7.3097319764941995  ret7=-0.02869086072582172  0.7s
152/157 "USP-S | The Traitor (Battle-Scarred)"  steam_n=114  median=38.4755  iqr_risk=3.5692481097074213  downside=3.995835877205326  ret7=0.02584862015170275  0.8s
153/157 "USP-S | The Traitor (Minimal Wear)"  steam_n=65  median=81.979  iqr_risk=4.5816451094235155  downside=4.672866667715183  ret7=-0.04403785189318832  0.8s
154/157 "USP-S | Whiteout (Field-Tested)"  steam_n=32  median=83.009  iqr_risk=3.454747326272801  downside=7.248152637040247  ret7=0.08588392214261287  0.8s
155/157 "XM1014 | Entombed (Factory New)"  steam_n=705  median=11.371  iqr_risk=1.3557531472840911  downside=2.271326701294136  ret7=-0.03461268839817744  0.7s
156/157 "XM1014 | Scumbria (Factory New)"  steam_n=25  median=5.47  iqr_risk=9.857451720473456  downside=6.7023342738832525  ret7=-0.05248570933656682  0.9s
157/157 "XM1014 | XOXO (Factory New)"  steam_n=34  median=34.178  iqr_risk=5.941857338208112  downside=6.986617232244507  ret7=-0.11464145342605048  0.8s
